[2025-03-11 12:25:06] This is codeql database create my-c-db --overwrite --language=c --command=make CFLAGS=-w -g -O0 --source-root=~/retranslation/gzip
[2025-03-11 12:25:06] Log file was started late.
[2025-03-11 12:25:06] [PROGRESS] database create> Initializing database at /home/qingxiao/retranslation/gzip/my-c-db.
[2025-03-11 12:25:06] Running plumbing command: codeql database init --overwrite --language=c --extractor-options-verbosity=1 --github-url=-O0 --qlconfig-file=/home/qingxiao/retranslation/gzip/qlconfig.yml --source-root=/home/qingxiao/retranslation/gzip/~/retranslation/gzip --allow-missing-source-root=false --allow-already-existing -- /home/qingxiao/retranslation/gzip/my-c-db
[2025-03-11 12:25:06] Exception caught at top level: Invalid source root: /home/qingxiao/retranslation/gzip/~/retranslation/gzip.
                      com.semmle.cli2.database.InitCommand.executeSubcommand(InitCommand.java:170)
                      com.semmle.cli2.picocli.SubcommandCommon.lambda$executeSubcommandWithMessages$5(SubcommandCommon.java:892)
                      com.semmle.cli2.picocli.SubcommandCommon.withCompilationMessages(SubcommandCommon.java:444)
                      com.semmle.cli2.picocli.SubcommandCommon.executeSubcommandWithMessages(SubcommandCommon.java:890)
                      com.semmle.cli2.picocli.PlumbingRunner.run(PlumbingRunner.java:119)
                      com.semmle.cli2.picocli.SubcommandCommon.runPlumbingInProcess(SubcommandCommon.java:201)
                      com.semmle.cli2.database.CreateCommand.executeSubcommand(CreateCommand.java:113)
                      com.semmle.cli2.picocli.SubcommandCommon.lambda$executeSubcommandWithMessages$5(SubcommandCommon.java:892)
                      com.semmle.cli2.picocli.SubcommandCommon.withCompilationMessages(SubcommandCommon.java:444)
                      com.semmle.cli2.picocli.SubcommandCommon.executeSubcommandWithMessages(SubcommandCommon.java:890)
                      com.semmle.cli2.picocli.SubcommandCommon.toplevelMain(SubcommandCommon.java:777)
                      com.semmle.cli2.picocli.SubcommandCommon.call(SubcommandCommon.java:757)
                      com.semmle.cli2.picocli.SubcommandMaker.runMain(SubcommandMaker.java:238)
                      com.semmle.cli2.picocli.SubcommandMaker.runMain(SubcommandMaker.java:259)
                      com.semmle.cli2.CodeQL.main(CodeQL.java:115)
