[2025-03-11 14:15:28] This is codeql execute queries -J-Xmx12861M --off-heap-ram=16001 --verbosity=progress --logdir=/home/qingxiao/retranslation/gzip/my-c-db/log --evaluator-log-level=5 --warnings=show --dynamic-join-order-mode=none --qlconfig-file=/home/qingxiao/retranslation/gzip/qlconfig.yml --output=/home/qingxiao/retranslation/gzip/call_graph.csv -- /home/qingxiao/retranslation/gzip/my-c-db/db-cpp path:/home/qingxiao/codeql/my-queries/FunctionCallGraph.ql
[2025-03-11 14:15:28] Calling plumbing command: codeql resolve queries --qlconfig-file=/home/qingxiao/retranslation/gzip/qlconfig.yml --format=json -- path:/home/qingxiao/codeql/my-queries/FunctionCallGraph.ql
[2025-03-11 14:15:29] [PROGRESS] resolve queries> Recording pack reference (anonymous QL pack at /home/qingxiao/codeql/my-queries/FunctionCallGraph.ql) at /home/qingxiao/codeql/my-queries.
[2025-03-11 14:15:29] Plumbing command codeql resolve queries completed:
                      [
                        "/home/qingxiao/codeql/my-queries/FunctionCallGraph.ql"
                      ]
[2025-03-11 14:15:29] Creating executor with 1 threads.
[2025-03-11 14:15:29] Calling plumbing command: codeql resolve extensions --qlconfig-file=/home/qingxiao/retranslation/gzip/qlconfig.yml --include-extension-row-locations path:/home/qingxiao/codeql/my-queries/FunctionCallGraph.ql
[2025-03-11 14:15:29] Calling plumbing command: codeql resolve queries --qlconfig-file=/home/qingxiao/retranslation/gzip/qlconfig.yml --allow-library-packs --format startingpacks -- path:/home/qingxiao/codeql/my-queries/FunctionCallGraph.ql
[2025-03-11 14:15:29] [PROGRESS] resolve queries> Recording pack reference (anonymous QL pack at /home/qingxiao/codeql/my-queries/FunctionCallGraph.ql) at /home/qingxiao/codeql/my-queries.
[2025-03-11 14:15:29] Plumbing command codeql resolve queries completed:
                      [
                        "/home/qingxiao/codeql/my-queries"
                      ]
[2025-03-11 14:15:29] Calling plumbing command: codeql resolve extensions-by-pack --qlconfig-file=/home/qingxiao/retranslation/gzip/qlconfig.yml --include-extension-row-locations -- /home/qingxiao/codeql/my-queries
[2025-03-11 14:15:29] [SPAMMY] resolve extensions-by-pack> [INCOMPATIBILITY] <anonymous pack>: not 0.0.0 {root: <anonymous pack>@0.0.0}
[2025-03-11 14:15:29] [SPAMMY] resolve extensions-by-pack> [DERIVATION] <anonymous pack>: 0.0.0 {<anonymous pack>: not 0.0.0 {root: <anonymous pack>@0.0.0}}
[2025-03-11 14:15:29] [SPAMMY] resolve extensions-by-pack> [DECISION 1] <anonymous pack>: 0.0.0
[2025-03-11 14:15:29] Plumbing command codeql resolve extensions-by-pack completed:
                      {
                        "models" : [ ],
                        "data" : { },
                        "threatModels" : { },
                        "extensionPacks" : [ ]
                      }
[2025-03-11 14:15:29] Plumbing command codeql resolve extensions completed:
                      {
                        "models" : [ ],
                        "data" : { },
                        "threatModels" : { },
                        "extensionPacks" : [ ]
                      }
[2025-03-11 14:15:29] Calling plumbing command: codeql resolve library-path --qlconfig-file=/home/qingxiao/retranslation/gzip/qlconfig.yml --query=/home/qingxiao/codeql/my-queries/FunctionCallGraph.ql --format=json
[2025-03-11 14:15:29] [DETAILS] resolve library-path> Resolving query at normalized path /home/qingxiao/codeql/my-queries/FunctionCallGraph.ql.
[2025-03-11 14:15:29] [DETAILS] resolve library-path> Found no pack; trying after symlink resolution with /home/qingxiao/codeql/my-queries/FunctionCallGraph.ql.
[2025-03-11 14:15:29] [DETAILS] resolve library-path> Found enclosing pack 'my-queries' at /home/qingxiao/codeql/my-queries.
[2025-03-11 14:15:29] [DETAILS] resolve library-path> Adding compilation cache at /home/qingxiao/.codeql/compile-cache.
[2025-03-11 14:15:29] [DETAILS] resolve library-path> Resolving library dependencies from /home/qingxiao/codeql/my-queries/FunctionCallGraph.ql.
[2025-03-11 14:15:29] [SPAMMY] resolve library-path> [INCOMPATIBILITY] <anonymous pack>: not 0.0.0 {root: <anonymous pack>@0.0.0}
[2025-03-11 14:15:29] [SPAMMY] resolve library-path> [DERIVATION] <anonymous pack>: 0.0.0 {<anonymous pack>: not 0.0.0 {root: <anonymous pack>@0.0.0}}
[2025-03-11 14:15:29] [SPAMMY] resolve library-path> [DECISION 1] <anonymous pack>: 0.0.0
[2025-03-11 14:15:29] [DETAILS] resolve library-path> QL pack dependencies for /home/qingxiao/codeql/my-queries resolved OK.
[2025-03-11 14:15:29] [DETAILS] resolve library-path> Found no dbscheme through dependencies.
[2025-03-11 14:15:29] Plumbing command codeql resolve library-path completed:
                      {
                        "libraryPath" : [
                          "/home/qingxiao/codeql/my-queries"
                        ],
                        "compilationCache" : [
                          "/home/qingxiao/.codeql/compile-cache"
                        ],
                        "relativeName" : "my-queries/FunctionCallGraph.ql",
                        "possibleAdvice" : "There should probably be a qlpack.yml file declaring dependencies in /home/qingxiao/codeql/my-queries or an enclosing directory.",
                        "qlPackName" : "my-queries"
                      }
[2025-03-11 14:15:29] [PROGRESS] execute queries> Compiling query plan for /home/qingxiao/codeql/my-queries/FunctionCallGraph.ql.
[2025-03-11 14:15:29] [DETAILS] execute queries> Resolving imports for /home/qingxiao/codeql/my-queries/FunctionCallGraph.ql.
[2025-03-11 14:15:29] Resolved file set for /home/qingxiao/codeql/my-queries/FunctionCallGraph.ql hashes to f671d0eab09a470887c5e7fc77b99bd7783f4923.
[2025-03-11 14:15:29] [DETAILS] execute queries> Checking QL for /home/qingxiao/codeql/my-queries/FunctionCallGraph.ql.
[2025-03-11 14:15:29] Stale frontend caches are invalidated based on import graph reachability.
[2025-03-11 14:15:29] ExternalModuleBindingPass ...
[2025-03-11 14:15:29] ExternalModuleBindingPass time: 00:00.000
[2025-03-11 14:15:29] CollectInstantiationsPass ...
[2025-03-11 14:15:29] CollectInstantiationsPass time: 00:00.003
[2025-03-11 14:15:29] Ql checks ...
[2025-03-11 14:15:29] Ql checks time: 00:00.028
[2025-03-11 14:15:29] [ERROR] execute queries> ERROR: unexpected input '{' expecting one of: Lowerid (/home/qingxiao/codeql/my-queries/FunctionCallGraph.ql:6,25-26)
[2025-03-11 14:15:29] [ERROR] execute queries> ERROR: unexpected input ',' expecting one of: '=', '(' (/home/qingxiao/codeql/my-queries/FunctionCallGraph.ql:7,18-19)
[2025-03-11 14:15:29] [ERROR] execute queries> ERROR: unexpected input ';' expecting one of: '=', '(' (/home/qingxiao/codeql/my-queries/FunctionCallGraph.ql:8,16-17)
[2025-03-11 14:15:29] [ERROR] execute queries> ERROR: extraneous input '}' expecting one of: <EOF> (/home/qingxiao/codeql/my-queries/FunctionCallGraph.ql:14,1-2)
[2025-03-11 14:15:29] [ERROR] execute queries> ERROR: could not resolve module cpp (/home/qingxiao/codeql/my-queries/FunctionCallGraph.ql:1,8-11)
[2025-03-11 14:15:29] [ERROR] execute queries> ERROR: could not resolve type FunctionCallGraph (/home/qingxiao/codeql/my-queries/FunctionCallGraph.ql:6,7-24)
[2025-03-11 14:15:29] [ERROR] execute queries> ERROR: could not resolve type Function (/home/qingxiao/codeql/my-queries/FunctionCallGraph.ql:7,3-11)
[2025-03-11 14:15:29] [ERROR] execute queries> ERROR: could not resolve type CallExpr (/home/qingxiao/codeql/my-queries/FunctionCallGraph.ql:8,3-11)
[2025-03-11 14:15:29] [ERROR] execute queries> ERROR: predicate requires a body (/home/qingxiao/codeql/my-queries/FunctionCallGraph.ql:6,25-26)
[2025-03-11 14:15:29] [ERROR] execute queries> ERROR: predicate requires a body (/home/qingxiao/codeql/my-queries/FunctionCallGraph.ql:7,12-18)
[2025-03-11 14:15:29] [ERROR] execute queries> ERROR: predicate requires a body (/home/qingxiao/codeql/my-queries/FunctionCallGraph.ql:8,12-16)
[2025-03-11 14:15:29] [ERROR] execute queries> ERROR: could not resolve variable call (/home/qingxiao/codeql/my-queries/FunctionCallGraph.ql:10,9-13)
[2025-03-11 14:15:29] [ERROR] execute queries> ERROR: could not resolve variable callee (/home/qingxiao/codeql/my-queries/FunctionCallGraph.ql:10,28-34)
[2025-03-11 14:15:29] [ERROR] execute queries> ERROR: could not resolve variable call (/home/qingxiao/codeql/my-queries/FunctionCallGraph.ql:11,9-13)
[2025-03-11 14:15:29] [ERROR] execute queries> ERROR: could not resolve variable caller (/home/qingxiao/codeql/my-queries/FunctionCallGraph.ql:11,39-45)
[2025-03-11 14:15:29] [ERROR] execute queries> ERROR: could not resolve variable caller (/home/qingxiao/codeql/my-queries/FunctionCallGraph.ql:13,10-16)
[2025-03-11 14:15:29] [ERROR] execute queries> ERROR: could not resolve variable callee (/home/qingxiao/codeql/my-queries/FunctionCallGraph.ql:13,18-24)
[2025-03-11 14:15:29] Sequence stamp origin is -6073330591876951740
[2025-03-11 14:15:29] Pausing evaluation to close the cache at sequence stamp o+0
[2025-03-11 14:15:29] The disk cache is freshly trimmed; leave it be.
[2025-03-11 14:15:29] Unpausing evaluation
[2025-03-11 14:15:29] This NaiveBuddyAllocator requested 0 eviction rounds.
[2025-03-11 14:15:29] Exiting with code 2
