[2025-03-11 13:48:55] This is codeql execute queries -J-Xmx12861M --off-heap-ram=16001 --verbosity=progress --logdir=/home/qingxiao/retranslation/gzip/my-c-db/log --evaluator-log-level=5 --warnings=show --dynamic-join-order-mode=none --search-path=/home/qingxiao/codeql --qlconfig-file=/home/qingxiao/retranslation/gzip/qlconfig.yml --output=/home/qingxiao/retranslation/gzip/call_graph.csv -- /home/qingxiao/retranslation/gzip/my-c-db/db-cpp path:/home/qingxiao/codeql/my-queries/FunctionCallGraph.ql
[2025-03-11 13:48:55] Calling plumbing command: codeql resolve queries --search-path=/home/qingxiao/codeql --qlconfig-file=/home/qingxiao/retranslation/gzip/qlconfig.yml --format=json -- path:/home/qingxiao/codeql/my-queries/FunctionCallGraph.ql
[2025-03-11 13:48:55] [PROGRESS] resolve queries> Recording pack reference (anonymous QL pack at /home/qingxiao/codeql/my-queries/FunctionCallGraph.ql) at /home/qingxiao/codeql/my-queries.
[2025-03-11 13:48:56] Plumbing command codeql resolve queries completed:
                      [
                        "/home/qingxiao/codeql/my-queries/FunctionCallGraph.ql"
                      ]
[2025-03-11 13:48:56] Creating executor with 1 threads.
[2025-03-11 13:48:56] Calling plumbing command: codeql resolve extensions --search-path=/home/qingxiao/codeql --qlconfig-file=/home/qingxiao/retranslation/gzip/qlconfig.yml --include-extension-row-locations path:/home/qingxiao/codeql/my-queries/FunctionCallGraph.ql
[2025-03-11 13:48:56] Calling plumbing command: codeql resolve queries --search-path=/home/qingxiao/codeql --qlconfig-file=/home/qingxiao/retranslation/gzip/qlconfig.yml --allow-library-packs --format startingpacks -- path:/home/qingxiao/codeql/my-queries/FunctionCallGraph.ql
[2025-03-11 13:48:56] [PROGRESS] resolve queries> Recording pack reference (anonymous QL pack at /home/qingxiao/codeql/my-queries/FunctionCallGraph.ql) at /home/qingxiao/codeql/my-queries.
[2025-03-11 13:48:56] Plumbing command codeql resolve queries completed:
                      [
                        "/home/qingxiao/codeql/my-queries"
                      ]
[2025-03-11 13:48:56] Calling plumbing command: codeql resolve extensions-by-pack --search-path=/home/qingxiao/codeql --qlconfig-file=/home/qingxiao/retranslation/gzip/qlconfig.yml --include-extension-row-locations -- /home/qingxiao/codeql/my-queries
[2025-03-11 13:48:56] [SPAMMY] resolve extensions-by-pack> [INCOMPATIBILITY] <anonymous pack>: not 0.0.0 {root: <anonymous pack>@0.0.0}
[2025-03-11 13:48:56] [SPAMMY] resolve extensions-by-pack> [DERIVATION] <anonymous pack>: 0.0.0 {<anonymous pack>: not 0.0.0 {root: <anonymous pack>@0.0.0}}
[2025-03-11 13:48:56] [SPAMMY] resolve extensions-by-pack> [DECISION 1] <anonymous pack>: 0.0.0
[2025-03-11 13:48:56] Plumbing command codeql resolve extensions-by-pack completed:
                      {
                        "models" : [ ],
                        "data" : { },
                        "threatModels" : { },
                        "extensionPacks" : [ ]
                      }
[2025-03-11 13:48:56] Plumbing command codeql resolve extensions completed:
                      {
                        "models" : [ ],
                        "data" : { },
                        "threatModels" : { },
                        "extensionPacks" : [ ]
                      }
[2025-03-11 13:48:56] Calling plumbing command: codeql resolve library-path --search-path=/home/qingxiao/codeql --qlconfig-file=/home/qingxiao/retranslation/gzip/qlconfig.yml --query=/home/qingxiao/codeql/my-queries/FunctionCallGraph.ql --format=json
[2025-03-11 13:48:56] [DETAILS] resolve library-path> Resolving query at normalized path /home/qingxiao/codeql/my-queries/FunctionCallGraph.ql.
[2025-03-11 13:48:56] [DETAILS] resolve library-path> Found no pack; trying after symlink resolution with /home/qingxiao/codeql/my-queries/FunctionCallGraph.ql.
[2025-03-11 13:48:56] [DETAILS] resolve library-path> Found enclosing pack 'my-queries' at /home/qingxiao/codeql/my-queries.
[2025-03-11 13:48:56] [DETAILS] resolve library-path> Adding compilation cache at /home/qingxiao/.codeql/compile-cache.
[2025-03-11 13:48:56] [DETAILS] resolve library-path> Resolving library dependencies from /home/qingxiao/codeql/my-queries/FunctionCallGraph.ql.
[2025-03-11 13:48:56] [SPAMMY] resolve library-path> [INCOMPATIBILITY] <anonymous pack>: not 0.0.0 {root: <anonymous pack>@0.0.0}
[2025-03-11 13:48:56] [SPAMMY] resolve library-path> [DERIVATION] <anonymous pack>: 0.0.0 {<anonymous pack>: not 0.0.0 {root: <anonymous pack>@0.0.0}}
[2025-03-11 13:48:56] [SPAMMY] resolve library-path> [DECISION 1] <anonymous pack>: 0.0.0
[2025-03-11 13:48:56] [DETAILS] resolve library-path> QL pack dependencies for /home/qingxiao/codeql/my-queries resolved OK.
[2025-03-11 13:48:56] [DETAILS] resolve library-path> Found no dbscheme through dependencies.
[2025-03-11 13:48:56] Plumbing command codeql resolve library-path completed:
                      {
                        "libraryPath" : [
                          "/home/qingxiao/codeql/my-queries"
                        ],
                        "compilationCache" : [
                          "/home/qingxiao/.codeql/compile-cache"
                        ],
                        "relativeName" : "my-queries/FunctionCallGraph.ql",
                        "possibleAdvice" : "There should probably be a qlpack.yml file declaring dependencies in /home/qingxiao/codeql/my-queries or an enclosing directory.",
                        "qlPackName" : "my-queries"
                      }
[2025-03-11 13:48:56] [PROGRESS] execute queries> Compiling query plan for /home/qingxiao/codeql/my-queries/FunctionCallGraph.ql.
[2025-03-11 13:48:56] [DETAILS] execute queries> Resolving imports for /home/qingxiao/codeql/my-queries/FunctionCallGraph.ql.
[2025-03-11 13:48:56] Resolved file set for /home/qingxiao/codeql/my-queries/FunctionCallGraph.ql hashes to 87fbd638a324d50455819d7fba2610fc263838bc.
[2025-03-11 13:48:56] [DETAILS] execute queries> Checking QL for /home/qingxiao/codeql/my-queries/FunctionCallGraph.ql.
[2025-03-11 13:48:56] Stale frontend caches are invalidated based on import graph reachability.
[2025-03-11 13:48:56] ExternalModuleBindingPass ...
[2025-03-11 13:48:56] ExternalModuleBindingPass time: 00:00.000
[2025-03-11 13:48:56] CollectInstantiationsPass ...
[2025-03-11 13:48:56] CollectInstantiationsPass time: 00:00.003
[2025-03-11 13:48:56] Ql checks ...
[2025-03-11 13:48:56] Ql checks time: 00:00.027
[2025-03-11 13:48:56] [WARN] execute queries> WARNING: QLDoc comment is not attached to any QL element (/home/qingxiao/codeql/my-queries/FunctionCallGraph.ql:6,1-10,4)
[2025-03-11 13:48:56] [ERROR] execute queries> ERROR: could not resolve module cpp (/home/qingxiao/codeql/my-queries/FunctionCallGraph.ql:4,8-11)
[2025-03-11 13:48:56] [ERROR] execute queries> ERROR: could not resolve type Function (/home/qingxiao/codeql/my-queries/FunctionCallGraph.ql:11,6-14)
[2025-03-11 13:48:56] [ERROR] execute queries> ERROR: could not resolve type Function (/home/qingxiao/codeql/my-queries/FunctionCallGraph.ql:11,23-31)
[2025-03-11 13:48:56] [ERROR] execute queries> ERROR: could not resolve type CallExpr (/home/qingxiao/codeql/my-queries/FunctionCallGraph.ql:11,40-48)
[2025-03-11 13:48:56] Sequence stamp origin is -6073337433905906388
[2025-03-11 13:48:56] Pausing evaluation to close the cache at sequence stamp o+0
[2025-03-11 13:48:56] The disk cache is freshly trimmed; leave it be.
[2025-03-11 13:48:56] Unpausing evaluation
[2025-03-11 13:48:56] This NaiveBuddyAllocator requested 0 eviction rounds.
[2025-03-11 13:48:56] Exiting with code 2
