[2025-03-12 11:33:11] This is codeql execute queries -J-Xmx12861M --off-heap-ram=16001 --verbosity=progress --logdir=/home/qingxiao/retranslation/gzip/my-c-db/log --evaluator-log-level=5 --warnings=show --dynamic-join-order-mode=none --search-path=/home/qingxiao/codeql/qlpacks --qlconfig-file=/home/qingxiao/retranslation/gzip/qlconfig.yml --output=/home/qingxiao/retranslation/gzip/m2m.bqrs -- /home/qingxiao/retranslation/gzip/my-c-db/db-cpp path:/home/qingxiao/codeql/my-queries/MacroCallMacro.ql
[2025-03-12 11:33:11] Calling plumbing command: codeql resolve queries --search-path=/home/qingxiao/codeql/qlpacks --qlconfig-file=/home/qingxiao/retranslation/gzip/qlconfig.yml --format=json -- path:/home/qingxiao/codeql/my-queries/MacroCallMacro.ql
[2025-03-12 11:33:11] [PROGRESS] resolve queries> Recording pack reference my-queries at /home/qingxiao/codeql/my-queries.
[2025-03-12 11:33:11] Plumbing command codeql resolve queries completed:
                      [
                        "/home/qingxiao/codeql/my-queries/MacroCallMacro.ql"
                      ]
[2025-03-12 11:33:11] Refusing fancy output: terminal size is too small 8x126, minimum value 10x10
[2025-03-12 11:33:11] Creating executor with 1 threads.
[2025-03-12 11:33:11] Calling plumbing command: codeql resolve extensions --search-path=/home/qingxiao/codeql/qlpacks --qlconfig-file=/home/qingxiao/retranslation/gzip/qlconfig.yml --include-extension-row-locations path:/home/qingxiao/codeql/my-queries/MacroCallMacro.ql
[2025-03-12 11:33:11] Calling plumbing command: codeql resolve queries --search-path=/home/qingxiao/codeql/qlpacks --qlconfig-file=/home/qingxiao/retranslation/gzip/qlconfig.yml --allow-library-packs --format startingpacks -- path:/home/qingxiao/codeql/my-queries/MacroCallMacro.ql
[2025-03-12 11:33:11] [PROGRESS] resolve queries> Recording pack reference my-queries at /home/qingxiao/codeql/my-queries.
[2025-03-12 11:33:11] Plumbing command codeql resolve queries completed:
                      [
                        "/home/qingxiao/codeql/my-queries"
                      ]
[2025-03-12 11:33:11] Calling plumbing command: codeql resolve extensions-by-pack --search-path=/home/qingxiao/codeql/qlpacks --qlconfig-file=/home/qingxiao/retranslation/gzip/qlconfig.yml --include-extension-row-locations -- /home/qingxiao/codeql/my-queries
[2025-03-12 11:33:11] [SPAMMY] resolve extensions-by-pack> [INCOMPATIBILITY] my-queries: not 0.0.1 {root: my-queries@0.0.1}
[2025-03-12 11:33:11] [SPAMMY] resolve extensions-by-pack> [DERIVATION] my-queries: 0.0.1 {my-queries: not 0.0.1 {root: my-queries@0.0.1}}
[2025-03-12 11:33:11] [SPAMMY] resolve extensions-by-pack> [INCOMPATIBILITY] my-queries: * [*], codeql/cpp-all: not * [*] {dependency: my-queries@* [*] requires codeql/cpp-all@4.0.2}
[2025-03-12 11:33:11] [SPAMMY] resolve extensions-by-pack> [DECISION 1] my-queries: 0.0.1
[2025-03-12 11:33:11] [SPAMMY] resolve extensions-by-pack> [DERIVATION] codeql/cpp-all: * [*] {my-queries: * [*], codeql/cpp-all: not * [*] {dependency: my-queries@* [*] requires codeql/cpp-all@4.0.2}}
[2025-03-12 11:33:11] [SPAMMY] resolve extensions-by-pack> [INCOMPATIBILITY] codeql/cpp-all: * [*], codeql/dataflow: not * [*] {dependency: codeql/cpp-all@* [*] requires codeql/dataflow@2.0.2}
[2025-03-12 11:33:11] [SPAMMY] resolve extensions-by-pack> [INCOMPATIBILITY] codeql/cpp-all: * [*], codeql/mad: not * [*] {dependency: codeql/cpp-all@* [*] requires codeql/mad@1.0.18}
[2025-03-12 11:33:11] [SPAMMY] resolve extensions-by-pack> [INCOMPATIBILITY] codeql/cpp-all: * [*], codeql/rangeanalysis: not * [*] {dependency: codeql/cpp-all@* [*] requires codeql/rangeanalysis@1.0.18}
[2025-03-12 11:33:11] [SPAMMY] resolve extensions-by-pack> [INCOMPATIBILITY] codeql/cpp-all: * [*], codeql/ssa: not * [*] {dependency: codeql/cpp-all@* [*] requires codeql/ssa@1.0.18}
[2025-03-12 11:33:11] [SPAMMY] resolve extensions-by-pack> [INCOMPATIBILITY] codeql/cpp-all: * [*], codeql/tutorial: not * [*] {dependency: codeql/cpp-all@* [*] requires codeql/tutorial@1.0.18}
[2025-03-12 11:33:11] [SPAMMY] resolve extensions-by-pack> [INCOMPATIBILITY] codeql/cpp-all: * [*], codeql/typeflow: not * [*] {dependency: codeql/cpp-all@* [*] requires codeql/typeflow@1.0.18}
[2025-03-12 11:33:11] [SPAMMY] resolve extensions-by-pack> [INCOMPATIBILITY] codeql/cpp-all: * [*], codeql/util: not * [*] {dependency: codeql/cpp-all@* [*] requires codeql/util@2.0.5}
[2025-03-12 11:33:11] [SPAMMY] resolve extensions-by-pack> [INCOMPATIBILITY] codeql/cpp-all: * [*], codeql/xml: not * [*] {dependency: codeql/cpp-all@* [*] requires codeql/xml@1.0.18}
[2025-03-12 11:33:11] [SPAMMY] resolve extensions-by-pack> [DECISION 2] codeql/cpp-all: 4.0.2
[2025-03-12 11:33:11] [SPAMMY] resolve extensions-by-pack> [DERIVATION] codeql/xml: * [*] {codeql/cpp-all: * [*], codeql/xml: not * [*] {dependency: codeql/cpp-all@* [*] requires codeql/xml@1.0.18}}
[2025-03-12 11:33:11] [SPAMMY] resolve extensions-by-pack> [DERIVATION] codeql/util: * [*] {codeql/cpp-all: * [*], codeql/util: not * [*] {dependency: codeql/cpp-all@* [*] requires codeql/util@2.0.5}}
[2025-03-12 11:33:11] [SPAMMY] resolve extensions-by-pack> [DERIVATION] codeql/typeflow: * [*] {codeql/cpp-all: * [*], codeql/typeflow: not * [*] {dependency: codeql/cpp-all@* [*] requires codeql/typeflow@1.0.18}}
[2025-03-12 11:33:11] [SPAMMY] resolve extensions-by-pack> [DERIVATION] codeql/tutorial: * [*] {codeql/cpp-all: * [*], codeql/tutorial: not * [*] {dependency: codeql/cpp-all@* [*] requires codeql/tutorial@1.0.18}}
[2025-03-12 11:33:11] [SPAMMY] resolve extensions-by-pack> [DERIVATION] codeql/ssa: * [*] {codeql/cpp-all: * [*], codeql/ssa: not * [*] {dependency: codeql/cpp-all@* [*] requires codeql/ssa@1.0.18}}
[2025-03-12 11:33:11] [SPAMMY] resolve extensions-by-pack> [DERIVATION] codeql/rangeanalysis: * [*] {codeql/cpp-all: * [*], codeql/rangeanalysis: not * [*] {dependency: codeql/cpp-all@* [*] requires codeql/rangeanalysis@1.0.18}}
[2025-03-12 11:33:11] [SPAMMY] resolve extensions-by-pack> [DERIVATION] codeql/mad: * [*] {codeql/cpp-all: * [*], codeql/mad: not * [*] {dependency: codeql/cpp-all@* [*] requires codeql/mad@1.0.18}}
[2025-03-12 11:33:11] [SPAMMY] resolve extensions-by-pack> [DERIVATION] codeql/dataflow: * [*] {codeql/cpp-all: * [*], codeql/dataflow: not * [*] {dependency: codeql/cpp-all@* [*] requires codeql/dataflow@2.0.2}}
[2025-03-12 11:33:11] [SPAMMY] resolve extensions-by-pack> [INCOMPATIBILITY] codeql/dataflow: * [*], codeql/ssa: not * [*] {dependency: codeql/dataflow@* [*] requires codeql/ssa@1.0.18}
[2025-03-12 11:33:11] [SPAMMY] resolve extensions-by-pack> [INCOMPATIBILITY] codeql/dataflow: * [*], codeql/typetracking: not * [*] {dependency: codeql/dataflow@* [*] requires codeql/typetracking@2.0.2}
[2025-03-12 11:33:11] [SPAMMY] resolve extensions-by-pack> [INCOMPATIBILITY] codeql/dataflow: * [*], codeql/util: not * [*] {dependency: codeql/dataflow@* [*] requires codeql/util@2.0.5}
[2025-03-12 11:33:11] [SPAMMY] resolve extensions-by-pack> [DECISION 3] codeql/dataflow: 2.0.2
[2025-03-12 11:33:11] [SPAMMY] resolve extensions-by-pack> [DERIVATION] codeql/typetracking: * [*] {codeql/dataflow: * [*], codeql/typetracking: not * [*] {dependency: codeql/dataflow@* [*] requires codeql/typetracking@2.0.2}}
[2025-03-12 11:33:11] [SPAMMY] resolve extensions-by-pack> [INCOMPATIBILITY] codeql/mad: * [*], codeql/dataflow: not * [*] {dependency: codeql/mad@* [*] requires codeql/dataflow@2.0.2}
[2025-03-12 11:33:11] [SPAMMY] resolve extensions-by-pack> [INCOMPATIBILITY] codeql/mad: * [*], codeql/util: not * [*] {dependency: codeql/mad@* [*] requires codeql/util@2.0.5}
[2025-03-12 11:33:11] [SPAMMY] resolve extensions-by-pack> [DECISION 4] codeql/mad: 1.0.18
[2025-03-12 11:33:11] [SPAMMY] resolve extensions-by-pack> [INCOMPATIBILITY] codeql/rangeanalysis: * [*], codeql/util: not * [*] {dependency: codeql/rangeanalysis@* [*] requires codeql/util@2.0.5}
[2025-03-12 11:33:11] [SPAMMY] resolve extensions-by-pack> [DECISION 5] codeql/rangeanalysis: 1.0.18
[2025-03-12 11:33:11] [SPAMMY] resolve extensions-by-pack> [INCOMPATIBILITY] codeql/ssa: * [*], codeql/util: not * [*] {dependency: codeql/ssa@* [*] requires codeql/util@2.0.5}
[2025-03-12 11:33:11] [SPAMMY] resolve extensions-by-pack> [DECISION 6] codeql/ssa: 1.0.18
[2025-03-12 11:33:11] [SPAMMY] resolve extensions-by-pack> [DECISION 7] codeql/tutorial: 1.0.18
[2025-03-12 11:33:11] [SPAMMY] resolve extensions-by-pack> [INCOMPATIBILITY] codeql/typeflow: * [*], codeql/util: not * [*] {dependency: codeql/typeflow@* [*] requires codeql/util@2.0.5}
[2025-03-12 11:33:11] [SPAMMY] resolve extensions-by-pack> [DECISION 8] codeql/typeflow: 1.0.18
[2025-03-12 11:33:11] [SPAMMY] resolve extensions-by-pack> [INCOMPATIBILITY] codeql/typetracking: * [*], codeql/util: not * [*] {dependency: codeql/typetracking@* [*] requires codeql/util@2.0.5}
[2025-03-12 11:33:11] [SPAMMY] resolve extensions-by-pack> [DECISION 9] codeql/typetracking: 2.0.2
[2025-03-12 11:33:11] [SPAMMY] resolve extensions-by-pack> [DECISION 10] codeql/util: 2.0.5
[2025-03-12 11:33:11] [SPAMMY] resolve extensions-by-pack> [INCOMPATIBILITY] codeql/xml: * [*], codeql/util: not * [*] {dependency: codeql/xml@* [*] requires codeql/util@2.0.5}
[2025-03-12 11:33:11] [SPAMMY] resolve extensions-by-pack> [DECISION 11] codeql/xml: 1.0.18
[2025-03-12 11:33:11] [PROGRESS] resolve extensions-by-pack> Loading data extensions in /home/qingxiao/.codeql/packages/codeql/cpp-all/4.0.2/ext/Boost.Asio.model.yml.
[2025-03-12 11:33:11] [DETAILS] resolve extensions-by-pack>   Found extension targeting codeql/cpp-all:sourceModel: 6 tuples.
[2025-03-12 11:33:11] [DETAILS] resolve extensions-by-pack>   Found extension targeting codeql/cpp-all:sinkModel: 4 tuples.
[2025-03-12 11:33:11] [DETAILS] resolve extensions-by-pack>   Found extension targeting codeql/cpp-all:summaryModel: 1 tuples.
[2025-03-12 11:33:11] [PROGRESS] resolve extensions-by-pack> Loading data extensions in /home/qingxiao/.codeql/packages/codeql/cpp-all/4.0.2/ext/CA2CAEX.model.yml.
[2025-03-12 11:33:11] [DETAILS] resolve extensions-by-pack>   Found extension targeting codeql/cpp-all:summaryModel: 13 tuples.
[2025-03-12 11:33:11] [PROGRESS] resolve extensions-by-pack> Loading data extensions in /home/qingxiao/.codeql/packages/codeql/cpp-all/4.0.2/ext/CAtlArray.model.yml.
[2025-03-12 11:33:11] [DETAILS] resolve extensions-by-pack>   Found extension targeting codeql/cpp-all:summaryModel: 10 tuples.
[2025-03-12 11:33:11] [PROGRESS] resolve extensions-by-pack> Loading data extensions in /home/qingxiao/.codeql/packages/codeql/cpp-all/4.0.2/ext/CAtlFile.model.yml.
[2025-03-12 11:33:11] [DETAILS] resolve extensions-by-pack>   Found extension targeting codeql/cpp-all:summaryModel: 4 tuples.
[2025-03-12 11:33:11] [PROGRESS] resolve extensions-by-pack> Loading data extensions in /home/qingxiao/.codeql/packages/codeql/cpp-all/4.0.2/ext/CAtlFileMappingBase.model.yml.
[2025-03-12 11:33:11] [DETAILS] resolve extensions-by-pack>   Found extension targeting codeql/cpp-all:summaryModel: 9 tuples.
[2025-03-12 11:33:11] [PROGRESS] resolve extensions-by-pack> Loading data extensions in /home/qingxiao/.codeql/packages/codeql/cpp-all/4.0.2/ext/CAtlList.model.yml.
[2025-03-12 11:33:11] [DETAILS] resolve extensions-by-pack>   Found extension targeting codeql/cpp-all:summaryModel: 10 tuples.
[2025-03-12 11:33:11] [PROGRESS] resolve extensions-by-pack> Loading data extensions in /home/qingxiao/.codeql/packages/codeql/cpp-all/4.0.2/ext/CAtlTemporaryFile.model.yml.
[2025-03-12 11:33:11] [DETAILS] resolve extensions-by-pack>   Found extension targeting codeql/cpp-all:summaryModel: 3 tuples.
[2025-03-12 11:33:11] [PROGRESS] resolve extensions-by-pack> Loading data extensions in /home/qingxiao/.codeql/packages/codeql/cpp-all/4.0.2/ext/CComBSTR.model.yml.
[2025-03-12 11:33:11] [DETAILS] resolve extensions-by-pack>   Found extension targeting codeql/cpp-all:summaryModel: 28 tuples.
[2025-03-12 11:33:11] [PROGRESS] resolve extensions-by-pack> Loading data extensions in /home/qingxiao/.codeql/packages/codeql/cpp-all/4.0.2/ext/CComSafeArray.model.yml.
[2025-03-12 11:33:11] [DETAILS] resolve extensions-by-pack>   Found extension targeting codeql/cpp-all:summaryModel: 21 tuples.
[2025-03-12 11:33:11] [PROGRESS] resolve extensions-by-pack> Loading data extensions in /home/qingxiao/.codeql/packages/codeql/cpp-all/4.0.2/ext/CPathT.model.yml.
[2025-03-12 11:33:11] [DETAILS] resolve extensions-by-pack>   Found extension targeting codeql/cpp-all:summaryModel: 15 tuples.
[2025-03-12 11:33:11] [PROGRESS] resolve extensions-by-pack> Loading data extensions in /home/qingxiao/.codeql/packages/codeql/cpp-all/4.0.2/ext/CRegKey.model.yml.
[2025-03-12 11:33:11] [DETAILS] resolve extensions-by-pack>   Found extension targeting codeql/cpp-all:summaryModel: 15 tuples.
[2025-03-12 11:33:11] [PROGRESS] resolve extensions-by-pack> Loading data extensions in /home/qingxiao/.codeql/packages/codeql/cpp-all/4.0.2/ext/CSimpleArray.model.yml.
[2025-03-12 11:33:11] [DETAILS] resolve extensions-by-pack>   Found extension targeting codeql/cpp-all:summaryModel: 7 tuples.
[2025-03-12 11:33:11] [PROGRESS] resolve extensions-by-pack> Loading data extensions in /home/qingxiao/.codeql/packages/codeql/cpp-all/4.0.2/ext/CSimpleMap.model.yml.
[2025-03-12 11:33:11] [DETAILS] resolve extensions-by-pack>   Found extension targeting codeql/cpp-all:summaryModel: 8 tuples.
[2025-03-12 11:33:11] [PROGRESS] resolve extensions-by-pack> Loading data extensions in /home/qingxiao/.codeql/packages/codeql/cpp-all/4.0.2/ext/CSimpleStringT.model.yml.
[2025-03-12 11:33:11] [DETAILS] resolve extensions-by-pack>   Found extension targeting codeql/cpp-all:summaryModel: 37 tuples.
[2025-03-12 11:33:11] [PROGRESS] resolve extensions-by-pack> Loading data extensions in /home/qingxiao/.codeql/packages/codeql/cpp-all/4.0.2/ext/CStrBufT.model.yml.
[2025-03-12 11:33:11] [DETAILS] resolve extensions-by-pack>   Found extension targeting codeql/cpp-all:summaryModel: 3 tuples.
[2025-03-12 11:33:11] [PROGRESS] resolve extensions-by-pack> Loading data extensions in /home/qingxiao/.codeql/packages/codeql/cpp-all/4.0.2/ext/CStringData.model.yml.
[2025-03-12 11:33:11] [DETAILS] resolve extensions-by-pack>   Found extension targeting codeql/cpp-all:summaryModel: 1 tuples.
[2025-03-12 11:33:11] [PROGRESS] resolve extensions-by-pack> Loading data extensions in /home/qingxiao/.codeql/packages/codeql/cpp-all/4.0.2/ext/CStringT.model.yml.
[2025-03-12 11:33:11] [DETAILS] resolve extensions-by-pack>   Found extension targeting codeql/cpp-all:summaryModel: 113 tuples.
[2025-03-12 11:33:11] [PROGRESS] resolve extensions-by-pack> Loading data extensions in /home/qingxiao/.codeql/packages/codeql/cpp-all/4.0.2/ext/CUrl.model.yml.
[2025-03-12 11:33:11] [DETAILS] resolve extensions-by-pack>   Found extension targeting codeql/cpp-all:summaryModel: 17 tuples.
[2025-03-12 11:33:11] [PROGRESS] resolve extensions-by-pack> Loading data extensions in /home/qingxiao/.codeql/packages/codeql/cpp-all/4.0.2/ext/allocation/Bsd.allocation.model.yml.
[2025-03-12 11:33:11] [DETAILS] resolve extensions-by-pack>   Found extension targeting codeql/cpp-all:allocationFunctionModel: 2 tuples.
[2025-03-12 11:33:11] [PROGRESS] resolve extensions-by-pack> Loading data extensions in /home/qingxiao/.codeql/packages/codeql/cpp-all/4.0.2/ext/allocation/Glibc.allocation.model.yml.
[2025-03-12 11:33:11] [DETAILS] resolve extensions-by-pack>   Found extension targeting codeql/cpp-all:allocationFunctionModel: 2 tuples.
[2025-03-12 11:33:11] [PROGRESS] resolve extensions-by-pack> Loading data extensions in /home/qingxiao/.codeql/packages/codeql/cpp-all/4.0.2/ext/allocation/OpenSSL.allocation.model.yml.
[2025-03-12 11:33:11] [DETAILS] resolve extensions-by-pack>   Found extension targeting codeql/cpp-all:allocationFunctionModel: 4 tuples.
[2025-03-12 11:33:11] [PROGRESS] resolve extensions-by-pack> Loading data extensions in /home/qingxiao/.codeql/packages/codeql/cpp-all/4.0.2/ext/allocation/Std.allocation.model.yml.
[2025-03-12 11:33:11] [DETAILS] resolve extensions-by-pack>   Found extension targeting codeql/cpp-all:allocationFunctionModel: 10 tuples.
[2025-03-12 11:33:11] [PROGRESS] resolve extensions-by-pack> Loading data extensions in /home/qingxiao/.codeql/packages/codeql/cpp-all/4.0.2/ext/allocation/Windows.allocation.model.yml.
[2025-03-12 11:33:11] [DETAILS] resolve extensions-by-pack>   Found extension targeting codeql/cpp-all:allocationFunctionModel: 24 tuples.
[2025-03-12 11:33:11] [PROGRESS] resolve extensions-by-pack> Loading data extensions in /home/qingxiao/.codeql/packages/codeql/cpp-all/4.0.2/ext/allocation/empty.allocation.model.yml.
[2025-03-12 11:33:11] [DETAILS] resolve extensions-by-pack>   Found extension targeting codeql/cpp-all:allocationFunctionModel: 0 tuples.
[2025-03-12 11:33:11] [PROGRESS] resolve extensions-by-pack> Loading data extensions in /home/qingxiao/.codeql/packages/codeql/cpp-all/4.0.2/ext/bsl.array.model.yml.
[2025-03-12 11:33:11] [DETAILS] resolve extensions-by-pack>   Found extension targeting codeql/cpp-all:summaryModel: 9 tuples.
[2025-03-12 11:33:11] [PROGRESS] resolve extensions-by-pack> Loading data extensions in /home/qingxiao/.codeql/packages/codeql/cpp-all/4.0.2/ext/bsl.deque.model.yml.
[2025-03-12 11:33:11] [DETAILS] resolve extensions-by-pack>   Found extension targeting codeql/cpp-all:summaryModel: 69 tuples.
[2025-03-12 11:33:11] [PROGRESS] resolve extensions-by-pack> Loading data extensions in /home/qingxiao/.codeql/packages/codeql/cpp-all/4.0.2/ext/bsl.forward_list.model.yml.
[2025-03-12 11:33:11] [DETAILS] resolve extensions-by-pack>   Found extension targeting codeql/cpp-all:summaryModel: 52 tuples.
[2025-03-12 11:33:11] [PROGRESS] resolve extensions-by-pack> Loading data extensions in /home/qingxiao/.codeql/packages/codeql/cpp-all/4.0.2/ext/bsl.list.model.yml.
[2025-03-12 11:33:11] [DETAILS] resolve extensions-by-pack>   Found extension targeting codeql/cpp-all:summaryModel: 67 tuples.
[2025-03-12 11:33:11] [PROGRESS] resolve extensions-by-pack> Loading data extensions in /home/qingxiao/.codeql/packages/codeql/cpp-all/4.0.2/ext/bsl.vector.model.yml.
[2025-03-12 11:33:11] [DETAILS] resolve extensions-by-pack>   Found extension targeting codeql/cpp-all:summaryModel: 56 tuples.
[2025-03-12 11:33:11] [PROGRESS] resolve extensions-by-pack> Loading data extensions in /home/qingxiao/.codeql/packages/codeql/cpp-all/4.0.2/ext/deallocation/Bsd.deallocation.model.yml.
[2025-03-12 11:33:11] [DETAILS] resolve extensions-by-pack>   Found extension targeting codeql/cpp-all:deallocationFunctionModel: 3 tuples.
[2025-03-12 11:33:11] [PROGRESS] resolve extensions-by-pack> Loading data extensions in /home/qingxiao/.codeql/packages/codeql/cpp-all/4.0.2/ext/deallocation/Std.deallocation.model.yml.
[2025-03-12 11:33:11] [DETAILS] resolve extensions-by-pack>   Found extension targeting codeql/cpp-all:deallocationFunctionModel: 37 tuples.
[2025-03-12 11:33:11] [PROGRESS] resolve extensions-by-pack> Loading data extensions in /home/qingxiao/.codeql/packages/codeql/cpp-all/4.0.2/ext/deallocation/Windows.deallocation.model.yml.
[2025-03-12 11:33:11] [DETAILS] resolve extensions-by-pack>   Found extension targeting codeql/cpp-all:deallocationFunctionModel: 36 tuples.
[2025-03-12 11:33:11] [PROGRESS] resolve extensions-by-pack> Loading data extensions in /home/qingxiao/.codeql/packages/codeql/cpp-all/4.0.2/ext/deallocation/empty.deallocation.model.yml.
[2025-03-12 11:33:11] [DETAILS] resolve extensions-by-pack>   Found extension targeting codeql/cpp-all:deallocationFunctionModel: 0 tuples.
[2025-03-12 11:33:11] [PROGRESS] resolve extensions-by-pack> Loading data extensions in /home/qingxiao/.codeql/packages/codeql/cpp-all/4.0.2/ext/empty.model.yml.
[2025-03-12 11:33:11] [DETAILS] resolve extensions-by-pack>   Found extension targeting codeql/cpp-all:sourceModel: 0 tuples.
[2025-03-12 11:33:11] [DETAILS] resolve extensions-by-pack>   Found extension targeting codeql/cpp-all:sinkModel: 0 tuples.
[2025-03-12 11:33:11] [DETAILS] resolve extensions-by-pack>   Found extension targeting codeql/cpp-all:summaryModel: 0 tuples.
[2025-03-12 11:33:11] [PROGRESS] resolve extensions-by-pack> Loading data extensions in /home/qingxiao/.codeql/packages/codeql/cpp-all/4.0.2/ext/oleauto.model.yml.
[2025-03-12 11:33:11] [DETAILS] resolve extensions-by-pack>   Found extension targeting codeql/cpp-all:summaryModel: 3 tuples.
[2025-03-12 11:33:11] [PROGRESS] resolve extensions-by-pack> Loading data extensions in /home/qingxiao/.codeql/packages/codeql/cpp-all/4.0.2/ext/std.array.model.yml.
[2025-03-12 11:33:11] [DETAILS] resolve extensions-by-pack>   Found extension targeting codeql/cpp-all:summaryModel: 9 tuples.
[2025-03-12 11:33:11] [PROGRESS] resolve extensions-by-pack> Loading data extensions in /home/qingxiao/.codeql/packages/codeql/cpp-all/4.0.2/ext/std.deque.model.yml.
[2025-03-12 11:33:11] [DETAILS] resolve extensions-by-pack>   Found extension targeting codeql/cpp-all:summaryModel: 69 tuples.
[2025-03-12 11:33:11] [PROGRESS] resolve extensions-by-pack> Loading data extensions in /home/qingxiao/.codeql/packages/codeql/cpp-all/4.0.2/ext/std.format.model.yml.
[2025-03-12 11:33:11] [DETAILS] resolve extensions-by-pack>   Found extension targeting codeql/cpp-all:summaryModel: 9 tuples.
[2025-03-12 11:33:11] [PROGRESS] resolve extensions-by-pack> Loading data extensions in /home/qingxiao/.codeql/packages/codeql/cpp-all/4.0.2/ext/std.forward_list.model.yml.
[2025-03-12 11:33:11] [DETAILS] resolve extensions-by-pack>   Found extension targeting codeql/cpp-all:summaryModel: 52 tuples.
[2025-03-12 11:33:11] [PROGRESS] resolve extensions-by-pack> Loading data extensions in /home/qingxiao/.codeql/packages/codeql/cpp-all/4.0.2/ext/std.iterator.model.yml.
[2025-03-12 11:33:11] [DETAILS] resolve extensions-by-pack>   Found extension targeting codeql/cpp-all:summaryModel: 6 tuples.
[2025-03-12 11:33:11] [PROGRESS] resolve extensions-by-pack> Loading data extensions in /home/qingxiao/.codeql/packages/codeql/cpp-all/4.0.2/ext/std.list.model.yml.
[2025-03-12 11:33:11] [DETAILS] resolve extensions-by-pack>   Found extension targeting codeql/cpp-all:summaryModel: 67 tuples.
[2025-03-12 11:33:11] [PROGRESS] resolve extensions-by-pack> Loading data extensions in /home/qingxiao/.codeql/packages/codeql/cpp-all/4.0.2/ext/std.vector.model.yml.
[2025-03-12 11:33:11] [DETAILS] resolve extensions-by-pack>   Found extension targeting codeql/cpp-all:summaryModel: 56 tuples.
[2025-03-12 11:33:11] [PROGRESS] resolve extensions-by-pack> Loading data extensions in /home/qingxiao/.codeql/packages/codeql/util/2.0.5/ext/default-alert-filter.yml.
[2025-03-12 11:33:11] [DETAILS] resolve extensions-by-pack>   Found extension targeting codeql/util:restrictAlertsTo: 0 tuples.
[2025-03-12 11:33:11] [DETAILS] resolve extensions-by-pack>   Found extension targeting codeql/util:restrictAlertsToExactLocation: 0 tuples.
[2025-03-12 11:33:11] Plumbing command codeql resolve extensions-by-pack completed:
                      {
                        "models" : [ ],
                        "data" : {
                          "/home/qingxiao/codeql/my-queries" : [
                            {
                              "predicate" : "sourceModel",
                              "file" : "/home/qingxiao/.codeql/packages/codeql/cpp-all/4.0.2/ext/Boost.Asio.model.yml",
                              "index" : 0,
                              "firstRowId" : 0,
                              "rowCount" : 6,
                              "predicateHasOrigin" : true,
                              "locations" : {
                                "lineNumbers" : "A=7+1*5",
                                "columnNumbers" : "A=9*6"
                              }
                            },
                            {
                              "predicate" : "sinkModel",
                              "file" : "/home/qingxiao/.codeql/packages/codeql/cpp-all/4.0.2/ext/Boost.Asio.model.yml",
                              "index" : 1,
                              "firstRowId" : 6,
                              "rowCount" : 4,
                              "predicateHasOrigin" : true,
                              "locations" : {
                                "lineNumbers" : "A=17+1*3",
                                "columnNumbers" : "A=9*4"
                              }
                            },
                            {
                              "predicate" : "summaryModel",
                              "file" : "/home/qingxiao/.codeql/packages/codeql/cpp-all/4.0.2/ext/Boost.Asio.model.yml",
                              "index" : 2,
                              "firstRowId" : 10,
                              "rowCount" : 1,
                              "predicateHasOrigin" : true,
                              "locations" : {
                                "lineNumbers" : "A=25",
                                "columnNumbers" : "A=9"
                              }
                            },
                            {
                              "predicate" : "summaryModel",
                              "file" : "/home/qingxiao/.codeql/packages/codeql/cpp-all/4.0.2/ext/CA2CAEX.model.yml",
                              "index" : 0,
                              "firstRowId" : 11,
                              "rowCount" : 13,
                              "predicateHasOrigin" : true,
                              "locations" : {
                                "lineNumbers" : "A=6+1*12",
                                "columnNumbers" : "A=9*13"
                              }
                            },
                            {
                              "predicate" : "summaryModel",
                              "file" : "/home/qingxiao/.codeql/packages/codeql/cpp-all/4.0.2/ext/CAtlArray.model.yml",
                              "index" : 0,
                              "firstRowId" : 24,
                              "rowCount" : 10,
                              "predicateHasOrigin" : true,
                              "locations" : {
                                "lineNumbers" : "A=6+1*9",
                                "columnNumbers" : "A=9*10"
                              }
                            },
                            {
                              "predicate" : "summaryModel",
                              "file" : "/home/qingxiao/.codeql/packages/codeql/cpp-all/4.0.2/ext/CAtlFile.model.yml",
                              "index" : 0,
                              "firstRowId" : 34,
                              "rowCount" : 4,
                              "predicateHasOrigin" : true,
                              "locations" : {
                                "lineNumbers" : "A=6+1*3",
                                "columnNumbers" : "A=9*4"
                              }
                            },
                            {
                              "predicate" : "summaryModel",
                              "file" : "/home/qingxiao/.codeql/packages/codeql/cpp-all/4.0.2/ext/CAtlFileMappingBase.model.yml",
                              "index" : 0,
                              "firstRowId" : 38,
                              "rowCount" : 9,
                              "predicateHasOrigin" : true,
                              "locations" : {
                                "lineNumbers" : "A=6+1*8",
                                "columnNumbers" : "A=9*9"
                              }
                            },
                            {
                              "predicate" : "summaryModel",
                              "file" : "/home/qingxiao/.codeql/packages/codeql/cpp-all/4.0.2/ext/CAtlList.model.yml",
                              "index" : 0,
                              "firstRowId" : 47,
                              "rowCount" : 10,
                              "predicateHasOrigin" : true,
                              "locations" : {
                                "lineNumbers" : "A=6+1*9",
                                "columnNumbers" : "A=9*10"
                              }
                            },
                            {
                              "predicate" : "summaryModel",
                              "file" : "/home/qingxiao/.codeql/packages/codeql/cpp-all/4.0.2/ext/CAtlTemporaryFile.model.yml",
                              "index" : 0,
                              "firstRowId" : 57,
                              "rowCount" : 3,
                              "predicateHasOrigin" : true,
                              "locations" : {
                                "lineNumbers" : "A=6+1*2",
                                "columnNumbers" : "A=9*3"
                              }
                            },
                            {
                              "predicate" : "summaryModel",
                              "file" : "/home/qingxiao/.codeql/packages/codeql/cpp-all/4.0.2/ext/CComBSTR.model.yml",
                              "index" : 0,
                              "firstRowId" : 60,
                              "rowCount" : 28,
                              "predicateHasOrigin" : true,
                              "locations" : {
                                "lineNumbers" : "A=6+1*27",
                                "columnNumbers" : "A=9*28"
                              }
                            },
                            {
                              "predicate" : "summaryModel",
                              "file" : "/home/qingxiao/.codeql/packages/codeql/cpp-all/4.0.2/ext/CComSafeArray.model.yml",
                              "index" : 0,
                              "firstRowId" : 88,
                              "rowCount" : 21,
                              "predicateHasOrigin" : true,
                              "locations" : {
                                "lineNumbers" : "A=6+1*20",
                                "columnNumbers" : "A=9*21"
                              }
                            },
                            {
                              "predicate" : "summaryModel",
                              "file" : "/home/qingxiao/.codeql/packages/codeql/cpp-all/4.0.2/ext/CPathT.model.yml",
                              "index" : 0,
                              "firstRowId" : 109,
                              "rowCount" : 15,
                              "predicateHasOrigin" : true,
                              "locations" : {
                                "lineNumbers" : "A=6+1*10+4+1*3",
                                "columnNumbers" : "A=9*15"
                              }
                            },
                            {
                              "predicate" : "summaryModel",
                              "file" : "/home/qingxiao/.codeql/packages/codeql/cpp-all/4.0.2/ext/CRegKey.model.yml",
                              "index" : 0,
                              "firstRowId" : 124,
                              "rowCount" : 15,
                              "predicateHasOrigin" : true,
                              "locations" : {
                                "lineNumbers" : "A=6+1*14",
                                "columnNumbers" : "A=9*15"
                              }
                            },
                            {
                              "predicate" : "summaryModel",
                              "file" : "/home/qingxiao/.codeql/packages/codeql/cpp-all/4.0.2/ext/CSimpleArray.model.yml",
                              "index" : 0,
                              "firstRowId" : 139,
                              "rowCount" : 7,
                              "predicateHasOrigin" : true,
                              "locations" : {
                                "lineNumbers" : "A=6+1*6",
                                "columnNumbers" : "A=9*7"
                              }
                            },
                            {
                              "predicate" : "summaryModel",
                              "file" : "/home/qingxiao/.codeql/packages/codeql/cpp-all/4.0.2/ext/CSimpleMap.model.yml",
                              "index" : 0,
                              "firstRowId" : 146,
                              "rowCount" : 8,
                              "predicateHasOrigin" : true,
                              "locations" : {
                                "lineNumbers" : "A=6+1*7",
                                "columnNumbers" : "A=9*8"
                              }
                            },
                            {
                              "predicate" : "summaryModel",
                              "file" : "/home/qingxiao/.codeql/packages/codeql/cpp-all/4.0.2/ext/CSimpleStringT.model.yml",
                              "index" : 0,
                              "firstRowId" : 154,
                              "rowCount" : 37,
                              "predicateHasOrigin" : true,
                              "locations" : {
                                "lineNumbers" : "A=6+1*36",
                                "columnNumbers" : "A=9*37"
                              }
                            },
                            {
                              "predicate" : "summaryModel",
                              "file" : "/home/qingxiao/.codeql/packages/codeql/cpp-all/4.0.2/ext/CStrBufT.model.yml",
                              "index" : 0,
                              "firstRowId" : 191,
                              "rowCount" : 3,
                              "predicateHasOrigin" : true,
                              "locations" : {
                                "lineNumbers" : "A=6+1*2",
                                "columnNumbers" : "A=9*3"
                              }
                            },
                            {
                              "predicate" : "summaryModel",
                              "file" : "/home/qingxiao/.codeql/packages/codeql/cpp-all/4.0.2/ext/CStringData.model.yml",
                              "index" : 0,
                              "firstRowId" : 194,
                              "rowCount" : 1,
                              "predicateHasOrigin" : true,
                              "locations" : {
                                "lineNumbers" : "A=6",
                                "columnNumbers" : "A=9"
                              }
                            },
                            {
                              "predicate" : "summaryModel",
                              "file" : "/home/qingxiao/.codeql/packages/codeql/cpp-all/4.0.2/ext/CStringT.model.yml",
                              "index" : 0,
                              "firstRowId" : 195,
                              "rowCount" : 113,
                              "predicateHasOrigin" : true,
                              "locations" : {
                                "lineNumbers" : "A=6+1*112",
                                "columnNumbers" : "A=9*113"
                              }
                            },
                            {
                              "predicate" : "summaryModel",
                              "file" : "/home/qingxiao/.codeql/packages/codeql/cpp-all/4.0.2/ext/CUrl.model.yml",
                              "index" : 0,
                              "firstRowId" : 308,
                              "rowCount" : 17,
                              "predicateHasOrigin" : true,
                              "locations" : {
                                "lineNumbers" : "A=6+1*16",
                                "columnNumbers" : "A=9*17"
                              }
                            },
                            {
                              "predicate" : "allocationFunctionModel",
                              "file" : "/home/qingxiao/.codeql/packages/codeql/cpp-all/4.0.2/ext/allocation/Bsd.allocation.model.yml",
                              "index" : 0,
                              "firstRowId" : 325,
                              "rowCount" : 2,
                              "predicateHasOrigin" : false,
                              "locations" : {
                                "lineNumbers" : "A=6+1",
                                "columnNumbers" : "A=9*2"
                              }
                            },
                            {
                              "predicate" : "allocationFunctionModel",
                              "file" : "/home/qingxiao/.codeql/packages/codeql/cpp-all/4.0.2/ext/allocation/Glibc.allocation.model.yml",
                              "index" : 0,
                              "firstRowId" : 327,
                              "rowCount" : 2,
                              "predicateHasOrigin" : false,
                              "locations" : {
                                "lineNumbers" : "A=6+1",
                                "columnNumbers" : "A=9*2"
                              }
                            },
                            {
                              "predicate" : "allocationFunctionModel",
                              "file" : "/home/qingxiao/.codeql/packages/codeql/cpp-all/4.0.2/ext/allocation/OpenSSL.allocation.model.yml",
                              "index" : 0,
                              "firstRowId" : 329,
                              "rowCount" : 4,
                              "predicateHasOrigin" : false,
                              "locations" : {
                                "lineNumbers" : "A=6+1*3",
                                "columnNumbers" : "A=9*4"
                              }
                            },
                            {
                              "predicate" : "allocationFunctionModel",
                              "file" : "/home/qingxiao/.codeql/packages/codeql/cpp-all/4.0.2/ext/allocation/Std.allocation.model.yml",
                              "index" : 0,
                              "firstRowId" : 333,
                              "rowCount" : 10,
                              "predicateHasOrigin" : false,
                              "locations" : {
                                "lineNumbers" : "A=6+1*9",
                                "columnNumbers" : "A=9*10"
                              }
                            },
                            {
                              "predicate" : "allocationFunctionModel",
                              "file" : "/home/qingxiao/.codeql/packages/codeql/cpp-all/4.0.2/ext/allocation/Windows.allocation.model.yml",
                              "index" : 0,
                              "firstRowId" : 343,
                              "rowCount" : 24,
                              "predicateHasOrigin" : false,
                              "locations" : {
                                "lineNumbers" : "A=6+1*23",
                                "columnNumbers" : "A=9*24"
                              }
                            },
                            {
                              "predicate" : "allocationFunctionModel",
                              "file" : "/home/qingxiao/.codeql/packages/codeql/cpp-all/4.0.2/ext/allocation/empty.allocation.model.yml",
                              "index" : 0,
                              "firstRowId" : 367,
                              "rowCount" : 0,
                              "predicateHasOrigin" : false,
                              "locations" : {
                                "lineNumbers" : "A",
                                "columnNumbers" : "A"
                              }
                            },
                            {
                              "predicate" : "summaryModel",
                              "file" : "/home/qingxiao/.codeql/packages/codeql/cpp-all/4.0.2/ext/bsl.array.model.yml",
                              "index" : 0,
                              "firstRowId" : 367,
                              "rowCount" : 9,
                              "predicateHasOrigin" : true,
                              "locations" : {
                                "lineNumbers" : "A=6+1*8",
                                "columnNumbers" : "A=9*9"
                              }
                            },
                            {
                              "predicate" : "summaryModel",
                              "file" : "/home/qingxiao/.codeql/packages/codeql/cpp-all/4.0.2/ext/bsl.deque.model.yml",
                              "index" : 0,
                              "firstRowId" : 376,
                              "rowCount" : 69,
                              "predicateHasOrigin" : true,
                              "locations" : {
                                "lineNumbers" : "A=6+1*68",
                                "columnNumbers" : "A=9*69"
                              }
                            },
                            {
                              "predicate" : "summaryModel",
                              "file" : "/home/qingxiao/.codeql/packages/codeql/cpp-all/4.0.2/ext/bsl.forward_list.model.yml",
                              "index" : 0,
                              "firstRowId" : 445,
                              "rowCount" : 52,
                              "predicateHasOrigin" : true,
                              "locations" : {
                                "lineNumbers" : "A=6+1*51",
                                "columnNumbers" : "A=9*52"
                              }
                            },
                            {
                              "predicate" : "summaryModel",
                              "file" : "/home/qingxiao/.codeql/packages/codeql/cpp-all/4.0.2/ext/bsl.list.model.yml",
                              "index" : 0,
                              "firstRowId" : 497,
                              "rowCount" : 67,
                              "predicateHasOrigin" : true,
                              "locations" : {
                                "lineNumbers" : "A=6+1*66",
                                "columnNumbers" : "A=9*67"
                              }
                            },
                            {
                              "predicate" : "summaryModel",
                              "file" : "/home/qingxiao/.codeql/packages/codeql/cpp-all/4.0.2/ext/bsl.vector.model.yml",
                              "index" : 0,
                              "firstRowId" : 564,
                              "rowCount" : 56,
                              "predicateHasOrigin" : true,
                              "locations" : {
                                "lineNumbers" : "A=6+1*55",
                                "columnNumbers" : "A=9*56"
                              }
                            },
                            {
                              "predicate" : "deallocationFunctionModel",
                              "file" : "/home/qingxiao/.codeql/packages/codeql/cpp-all/4.0.2/ext/deallocation/Bsd.deallocation.model.yml",
                              "index" : 0,
                              "firstRowId" : 620,
                              "rowCount" : 3,
                              "predicateHasOrigin" : false,
                              "locations" : {
                                "lineNumbers" : "A=6+1*2",
                                "columnNumbers" : "A=9*3"
                              }
                            },
                            {
                              "predicate" : "deallocationFunctionModel",
                              "file" : "/home/qingxiao/.codeql/packages/codeql/cpp-all/4.0.2/ext/deallocation/Std.deallocation.model.yml",
                              "index" : 0,
                              "firstRowId" : 623,
                              "rowCount" : 37,
                              "predicateHasOrigin" : false,
                              "locations" : {
                                "lineNumbers" : "A=6+1*36",
                                "columnNumbers" : "A=9*37"
                              }
                            },
                            {
                              "predicate" : "deallocationFunctionModel",
                              "file" : "/home/qingxiao/.codeql/packages/codeql/cpp-all/4.0.2/ext/deallocation/Windows.deallocation.model.yml",
                              "index" : 0,
                              "firstRowId" : 660,
                              "rowCount" : 36,
                              "predicateHasOrigin" : false,
                              "locations" : {
                                "lineNumbers" : "A=6+1*35",
                                "columnNumbers" : "A=9*36"
                              }
                            },
                            {
                              "predicate" : "deallocationFunctionModel",
                              "file" : "/home/qingxiao/.codeql/packages/codeql/cpp-all/4.0.2/ext/deallocation/empty.deallocation.model.yml",
                              "index" : 0,
                              "firstRowId" : 696,
                              "rowCount" : 0,
                              "predicateHasOrigin" : false,
                              "locations" : {
                                "lineNumbers" : "A",
                                "columnNumbers" : "A"
                              }
                            },
                            {
                              "predicate" : "sourceModel",
                              "file" : "/home/qingxiao/.codeql/packages/codeql/cpp-all/4.0.2/ext/empty.model.yml",
                              "index" : 0,
                              "firstRowId" : 696,
                              "rowCount" : 0,
                              "predicateHasOrigin" : true,
                              "locations" : {
                                "lineNumbers" : "A",
                                "columnNumbers" : "A"
                              }
                            },
                            {
                              "predicate" : "sinkModel",
                              "file" : "/home/qingxiao/.codeql/packages/codeql/cpp-all/4.0.2/ext/empty.model.yml",
                              "index" : 1,
                              "firstRowId" : 696,
                              "rowCount" : 0,
                              "predicateHasOrigin" : true,
                              "locations" : {
                                "lineNumbers" : "A",
                                "columnNumbers" : "A"
                              }
                            },
                            {
                              "predicate" : "summaryModel",
                              "file" : "/home/qingxiao/.codeql/packages/codeql/cpp-all/4.0.2/ext/empty.model.yml",
                              "index" : 2,
                              "firstRowId" : 696,
                              "rowCount" : 0,
                              "predicateHasOrigin" : true,
                              "locations" : {
                                "lineNumbers" : "A",
                                "columnNumbers" : "A"
                              }
                            },
                            {
                              "predicate" : "summaryModel",
                              "file" : "/home/qingxiao/.codeql/packages/codeql/cpp-all/4.0.2/ext/oleauto.model.yml",
                              "index" : 0,
                              "firstRowId" : 696,
                              "rowCount" : 3,
                              "predicateHasOrigin" : true,
                              "locations" : {
                                "lineNumbers" : "A=6+1*2",
                                "columnNumbers" : "A=9*3"
                              }
                            },
                            {
                              "predicate" : "summaryModel",
                              "file" : "/home/qingxiao/.codeql/packages/codeql/cpp-all/4.0.2/ext/std.array.model.yml",
                              "index" : 0,
                              "firstRowId" : 699,
                              "rowCount" : 9,
                              "predicateHasOrigin" : true,
                              "locations" : {
                                "lineNumbers" : "A=6+1*8",
                                "columnNumbers" : "A=9*9"
                              }
                            },
                            {
                              "predicate" : "summaryModel",
                              "file" : "/home/qingxiao/.codeql/packages/codeql/cpp-all/4.0.2/ext/std.deque.model.yml",
                              "index" : 0,
                              "firstRowId" : 708,
                              "rowCount" : 69,
                              "predicateHasOrigin" : true,
                              "locations" : {
                                "lineNumbers" : "A=6+1*68",
                                "columnNumbers" : "A=9*69"
                              }
                            },
                            {
                              "predicate" : "summaryModel",
                              "file" : "/home/qingxiao/.codeql/packages/codeql/cpp-all/4.0.2/ext/std.format.model.yml",
                              "index" : 0,
                              "firstRowId" : 777,
                              "rowCount" : 9,
                              "predicateHasOrigin" : true,
                              "locations" : {
                                "lineNumbers" : "A=6+1*8",
                                "columnNumbers" : "A=9*9"
                              }
                            },
                            {
                              "predicate" : "summaryModel",
                              "file" : "/home/qingxiao/.codeql/packages/codeql/cpp-all/4.0.2/ext/std.forward_list.model.yml",
                              "index" : 0,
                              "firstRowId" : 786,
                              "rowCount" : 52,
                              "predicateHasOrigin" : true,
                              "locations" : {
                                "lineNumbers" : "A=6+1*51",
                                "columnNumbers" : "A=9*52"
                              }
                            },
                            {
                              "predicate" : "summaryModel",
                              "file" : "/home/qingxiao/.codeql/packages/codeql/cpp-all/4.0.2/ext/std.iterator.model.yml",
                              "index" : 0,
                              "firstRowId" : 838,
                              "rowCount" : 6,
                              "predicateHasOrigin" : true,
                              "locations" : {
                                "lineNumbers" : "A=6+1*5",
                                "columnNumbers" : "A=9*6"
                              }
                            },
                            {
                              "predicate" : "summaryModel",
                              "file" : "/home/qingxiao/.codeql/packages/codeql/cpp-all/4.0.2/ext/std.list.model.yml",
                              "index" : 0,
                              "firstRowId" : 844,
                              "rowCount" : 67,
                              "predicateHasOrigin" : true,
                              "locations" : {
                                "lineNumbers" : "A=6+1*66",
                                "columnNumbers" : "A=9*67"
                              }
                            },
                            {
                              "predicate" : "summaryModel",
                              "file" : "/home/qingxiao/.codeql/packages/codeql/cpp-all/4.0.2/ext/std.vector.model.yml",
                              "index" : 0,
                              "firstRowId" : 911,
                              "rowCount" : 56,
                              "predicateHasOrigin" : true,
                              "locations" : {
                                "lineNumbers" : "A=6+1*55",
                                "columnNumbers" : "A=9*56"
                              }
                            },
                            {
                              "predicate" : "restrictAlertsTo",
                              "file" : "/home/qingxiao/.codeql/packages/codeql/util/2.0.5/ext/default-alert-filter.yml",
                              "index" : 0,
                              "firstRowId" : 967,
                              "rowCount" : 0,
                              "predicateHasOrigin" : false,
                              "locations" : {
                                "lineNumbers" : "A",
                                "columnNumbers" : "A"
                              }
                            },
                            {
                              "predicate" : "restrictAlertsToExactLocation",
                              "file" : "/home/qingxiao/.codeql/packages/codeql/util/2.0.5/ext/default-alert-filter.yml",
                              "index" : 1,
                              "firstRowId" : 967,
                              "rowCount" : 0,
                              "predicateHasOrigin" : false,
                              "locations" : {
                                "lineNumbers" : "A",
                                "columnNumbers" : "A"
                              }
                            }
                          ]
                        },
                        "threatModels" : { },
                        "extensionPacks" : [ ]
                      }
[2025-03-12 11:33:11] Plumbing command codeql resolve extensions completed:
                      {
                        "models" : [ ],
                        "data" : {
                          "/home/qingxiao/codeql/my-queries" : [
                            {
                              "predicate" : "sourceModel",
                              "file" : "/home/qingxiao/.codeql/packages/codeql/cpp-all/4.0.2/ext/Boost.Asio.model.yml",
                              "index" : 0,
                              "firstRowId" : 0,
                              "rowCount" : 6,
                              "predicateHasOrigin" : true,
                              "locations" : {
                                "lineNumbers" : "A=7+1*5",
                                "columnNumbers" : "A=9*6"
                              }
                            },
                            {
                              "predicate" : "sinkModel",
                              "file" : "/home/qingxiao/.codeql/packages/codeql/cpp-all/4.0.2/ext/Boost.Asio.model.yml",
                              "index" : 1,
                              "firstRowId" : 6,
                              "rowCount" : 4,
                              "predicateHasOrigin" : true,
                              "locations" : {
                                "lineNumbers" : "A=17+1*3",
                                "columnNumbers" : "A=9*4"
                              }
                            },
                            {
                              "predicate" : "summaryModel",
                              "file" : "/home/qingxiao/.codeql/packages/codeql/cpp-all/4.0.2/ext/Boost.Asio.model.yml",
                              "index" : 2,
                              "firstRowId" : 10,
                              "rowCount" : 1,
                              "predicateHasOrigin" : true,
                              "locations" : {
                                "lineNumbers" : "A=25",
                                "columnNumbers" : "A=9"
                              }
                            },
                            {
                              "predicate" : "summaryModel",
                              "file" : "/home/qingxiao/.codeql/packages/codeql/cpp-all/4.0.2/ext/CA2CAEX.model.yml",
                              "index" : 0,
                              "firstRowId" : 11,
                              "rowCount" : 13,
                              "predicateHasOrigin" : true,
                              "locations" : {
                                "lineNumbers" : "A=6+1*12",
                                "columnNumbers" : "A=9*13"
                              }
                            },
                            {
                              "predicate" : "summaryModel",
                              "file" : "/home/qingxiao/.codeql/packages/codeql/cpp-all/4.0.2/ext/CAtlArray.model.yml",
                              "index" : 0,
                              "firstRowId" : 24,
                              "rowCount" : 10,
                              "predicateHasOrigin" : true,
                              "locations" : {
                                "lineNumbers" : "A=6+1*9",
                                "columnNumbers" : "A=9*10"
                              }
                            },
                            {
                              "predicate" : "summaryModel",
                              "file" : "/home/qingxiao/.codeql/packages/codeql/cpp-all/4.0.2/ext/CAtlFile.model.yml",
                              "index" : 0,
                              "firstRowId" : 34,
                              "rowCount" : 4,
                              "predicateHasOrigin" : true,
                              "locations" : {
                                "lineNumbers" : "A=6+1*3",
                                "columnNumbers" : "A=9*4"
                              }
                            },
                            {
                              "predicate" : "summaryModel",
                              "file" : "/home/qingxiao/.codeql/packages/codeql/cpp-all/4.0.2/ext/CAtlFileMappingBase.model.yml",
                              "index" : 0,
                              "firstRowId" : 38,
                              "rowCount" : 9,
                              "predicateHasOrigin" : true,
                              "locations" : {
                                "lineNumbers" : "A=6+1*8",
                                "columnNumbers" : "A=9*9"
                              }
                            },
                            {
                              "predicate" : "summaryModel",
                              "file" : "/home/qingxiao/.codeql/packages/codeql/cpp-all/4.0.2/ext/CAtlList.model.yml",
                              "index" : 0,
                              "firstRowId" : 47,
                              "rowCount" : 10,
                              "predicateHasOrigin" : true,
                              "locations" : {
                                "lineNumbers" : "A=6+1*9",
                                "columnNumbers" : "A=9*10"
                              }
                            },
                            {
                              "predicate" : "summaryModel",
                              "file" : "/home/qingxiao/.codeql/packages/codeql/cpp-all/4.0.2/ext/CAtlTemporaryFile.model.yml",
                              "index" : 0,
                              "firstRowId" : 57,
                              "rowCount" : 3,
                              "predicateHasOrigin" : true,
                              "locations" : {
                                "lineNumbers" : "A=6+1*2",
                                "columnNumbers" : "A=9*3"
                              }
                            },
                            {
                              "predicate" : "summaryModel",
                              "file" : "/home/qingxiao/.codeql/packages/codeql/cpp-all/4.0.2/ext/CComBSTR.model.yml",
                              "index" : 0,
                              "firstRowId" : 60,
                              "rowCount" : 28,
                              "predicateHasOrigin" : true,
                              "locations" : {
                                "lineNumbers" : "A=6+1*27",
                                "columnNumbers" : "A=9*28"
                              }
                            },
                            {
                              "predicate" : "summaryModel",
                              "file" : "/home/qingxiao/.codeql/packages/codeql/cpp-all/4.0.2/ext/CComSafeArray.model.yml",
                              "index" : 0,
                              "firstRowId" : 88,
                              "rowCount" : 21,
                              "predicateHasOrigin" : true,
                              "locations" : {
                                "lineNumbers" : "A=6+1*20",
                                "columnNumbers" : "A=9*21"
                              }
                            },
                            {
                              "predicate" : "summaryModel",
                              "file" : "/home/qingxiao/.codeql/packages/codeql/cpp-all/4.0.2/ext/CPathT.model.yml",
                              "index" : 0,
                              "firstRowId" : 109,
                              "rowCount" : 15,
                              "predicateHasOrigin" : true,
                              "locations" : {
                                "lineNumbers" : "A=6+1*10+4+1*3",
                                "columnNumbers" : "A=9*15"
                              }
                            },
                            {
                              "predicate" : "summaryModel",
                              "file" : "/home/qingxiao/.codeql/packages/codeql/cpp-all/4.0.2/ext/CRegKey.model.yml",
                              "index" : 0,
                              "firstRowId" : 124,
                              "rowCount" : 15,
                              "predicateHasOrigin" : true,
                              "locations" : {
                                "lineNumbers" : "A=6+1*14",
                                "columnNumbers" : "A=9*15"
                              }
                            },
                            {
                              "predicate" : "summaryModel",
                              "file" : "/home/qingxiao/.codeql/packages/codeql/cpp-all/4.0.2/ext/CSimpleArray.model.yml",
                              "index" : 0,
                              "firstRowId" : 139,
                              "rowCount" : 7,
                              "predicateHasOrigin" : true,
                              "locations" : {
                                "lineNumbers" : "A=6+1*6",
                                "columnNumbers" : "A=9*7"
                              }
                            },
                            {
                              "predicate" : "summaryModel",
                              "file" : "/home/qingxiao/.codeql/packages/codeql/cpp-all/4.0.2/ext/CSimpleMap.model.yml",
                              "index" : 0,
                              "firstRowId" : 146,
                              "rowCount" : 8,
                              "predicateHasOrigin" : true,
                              "locations" : {
                                "lineNumbers" : "A=6+1*7",
                                "columnNumbers" : "A=9*8"
                              }
                            },
                            {
                              "predicate" : "summaryModel",
                              "file" : "/home/qingxiao/.codeql/packages/codeql/cpp-all/4.0.2/ext/CSimpleStringT.model.yml",
                              "index" : 0,
                              "firstRowId" : 154,
                              "rowCount" : 37,
                              "predicateHasOrigin" : true,
                              "locations" : {
                                "lineNumbers" : "A=6+1*36",
                                "columnNumbers" : "A=9*37"
                              }
                            },
                            {
                              "predicate" : "summaryModel",
                              "file" : "/home/qingxiao/.codeql/packages/codeql/cpp-all/4.0.2/ext/CStrBufT.model.yml",
                              "index" : 0,
                              "firstRowId" : 191,
                              "rowCount" : 3,
                              "predicateHasOrigin" : true,
                              "locations" : {
                                "lineNumbers" : "A=6+1*2",
                                "columnNumbers" : "A=9*3"
                              }
                            },
                            {
                              "predicate" : "summaryModel",
                              "file" : "/home/qingxiao/.codeql/packages/codeql/cpp-all/4.0.2/ext/CStringData.model.yml",
                              "index" : 0,
                              "firstRowId" : 194,
                              "rowCount" : 1,
                              "predicateHasOrigin" : true,
                              "locations" : {
                                "lineNumbers" : "A=6",
                                "columnNumbers" : "A=9"
                              }
                            },
                            {
                              "predicate" : "summaryModel",
                              "file" : "/home/qingxiao/.codeql/packages/codeql/cpp-all/4.0.2/ext/CStringT.model.yml",
                              "index" : 0,
                              "firstRowId" : 195,
                              "rowCount" : 113,
                              "predicateHasOrigin" : true,
                              "locations" : {
                                "lineNumbers" : "A=6+1*112",
                                "columnNumbers" : "A=9*113"
                              }
                            },
                            {
                              "predicate" : "summaryModel",
                              "file" : "/home/qingxiao/.codeql/packages/codeql/cpp-all/4.0.2/ext/CUrl.model.yml",
                              "index" : 0,
                              "firstRowId" : 308,
                              "rowCount" : 17,
                              "predicateHasOrigin" : true,
                              "locations" : {
                                "lineNumbers" : "A=6+1*16",
                                "columnNumbers" : "A=9*17"
                              }
                            },
                            {
                              "predicate" : "allocationFunctionModel",
                              "file" : "/home/qingxiao/.codeql/packages/codeql/cpp-all/4.0.2/ext/allocation/Bsd.allocation.model.yml",
                              "index" : 0,
                              "firstRowId" : 325,
                              "rowCount" : 2,
                              "predicateHasOrigin" : false,
                              "locations" : {
                                "lineNumbers" : "A=6+1",
                                "columnNumbers" : "A=9*2"
                              }
                            },
                            {
                              "predicate" : "allocationFunctionModel",
                              "file" : "/home/qingxiao/.codeql/packages/codeql/cpp-all/4.0.2/ext/allocation/Glibc.allocation.model.yml",
                              "index" : 0,
                              "firstRowId" : 327,
                              "rowCount" : 2,
                              "predicateHasOrigin" : false,
                              "locations" : {
                                "lineNumbers" : "A=6+1",
                                "columnNumbers" : "A=9*2"
                              }
                            },
                            {
                              "predicate" : "allocationFunctionModel",
                              "file" : "/home/qingxiao/.codeql/packages/codeql/cpp-all/4.0.2/ext/allocation/OpenSSL.allocation.model.yml",
                              "index" : 0,
                              "firstRowId" : 329,
                              "rowCount" : 4,
                              "predicateHasOrigin" : false,
                              "locations" : {
                                "lineNumbers" : "A=6+1*3",
                                "columnNumbers" : "A=9*4"
                              }
                            },
                            {
                              "predicate" : "allocationFunctionModel",
                              "file" : "/home/qingxiao/.codeql/packages/codeql/cpp-all/4.0.2/ext/allocation/Std.allocation.model.yml",
                              "index" : 0,
                              "firstRowId" : 333,
                              "rowCount" : 10,
                              "predicateHasOrigin" : false,
                              "locations" : {
                                "lineNumbers" : "A=6+1*9",
                                "columnNumbers" : "A=9*10"
                              }
                            },
                            {
                              "predicate" : "allocationFunctionModel",
                              "file" : "/home/qingxiao/.codeql/packages/codeql/cpp-all/4.0.2/ext/allocation/Windows.allocation.model.yml",
                              "index" : 0,
                              "firstRowId" : 343,
                              "rowCount" : 24,
                              "predicateHasOrigin" : false,
                              "locations" : {
                                "lineNumbers" : "A=6+1*23",
                                "columnNumbers" : "A=9*24"
                              }
                            },
                            {
                              "predicate" : "allocationFunctionModel",
                              "file" : "/home/qingxiao/.codeql/packages/codeql/cpp-all/4.0.2/ext/allocation/empty.allocation.model.yml",
                              "index" : 0,
                              "firstRowId" : 367,
                              "rowCount" : 0,
                              "predicateHasOrigin" : false,
                              "locations" : {
                                "lineNumbers" : "A",
                                "columnNumbers" : "A"
                              }
                            },
                            {
                              "predicate" : "summaryModel",
                              "file" : "/home/qingxiao/.codeql/packages/codeql/cpp-all/4.0.2/ext/bsl.array.model.yml",
                              "index" : 0,
                              "firstRowId" : 367,
                              "rowCount" : 9,
                              "predicateHasOrigin" : true,
                              "locations" : {
                                "lineNumbers" : "A=6+1*8",
                                "columnNumbers" : "A=9*9"
                              }
                            },
                            {
                              "predicate" : "summaryModel",
                              "file" : "/home/qingxiao/.codeql/packages/codeql/cpp-all/4.0.2/ext/bsl.deque.model.yml",
                              "index" : 0,
                              "firstRowId" : 376,
                              "rowCount" : 69,
                              "predicateHasOrigin" : true,
                              "locations" : {
                                "lineNumbers" : "A=6+1*68",
                                "columnNumbers" : "A=9*69"
                              }
                            },
                            {
                              "predicate" : "summaryModel",
                              "file" : "/home/qingxiao/.codeql/packages/codeql/cpp-all/4.0.2/ext/bsl.forward_list.model.yml",
                              "index" : 0,
                              "firstRowId" : 445,
                              "rowCount" : 52,
                              "predicateHasOrigin" : true,
                              "locations" : {
                                "lineNumbers" : "A=6+1*51",
                                "columnNumbers" : "A=9*52"
                              }
                            },
                            {
                              "predicate" : "summaryModel",
                              "file" : "/home/qingxiao/.codeql/packages/codeql/cpp-all/4.0.2/ext/bsl.list.model.yml",
                              "index" : 0,
                              "firstRowId" : 497,
                              "rowCount" : 67,
                              "predicateHasOrigin" : true,
                              "locations" : {
                                "lineNumbers" : "A=6+1*66",
                                "columnNumbers" : "A=9*67"
                              }
                            },
                            {
                              "predicate" : "summaryModel",
                              "file" : "/home/qingxiao/.codeql/packages/codeql/cpp-all/4.0.2/ext/bsl.vector.model.yml",
                              "index" : 0,
                              "firstRowId" : 564,
                              "rowCount" : 56,
                              "predicateHasOrigin" : true,
                              "locations" : {
                                "lineNumbers" : "A=6+1*55",
                                "columnNumbers" : "A=9*56"
                              }
                            },
                            {
                              "predicate" : "deallocationFunctionModel",
                              "file" : "/home/qingxiao/.codeql/packages/codeql/cpp-all/4.0.2/ext/deallocation/Bsd.deallocation.model.yml",
                              "index" : 0,
                              "firstRowId" : 620,
                              "rowCount" : 3,
                              "predicateHasOrigin" : false,
                              "locations" : {
                                "lineNumbers" : "A=6+1*2",
                                "columnNumbers" : "A=9*3"
                              }
                            },
                            {
                              "predicate" : "deallocationFunctionModel",
                              "file" : "/home/qingxiao/.codeql/packages/codeql/cpp-all/4.0.2/ext/deallocation/Std.deallocation.model.yml",
                              "index" : 0,
                              "firstRowId" : 623,
                              "rowCount" : 37,
                              "predicateHasOrigin" : false,
                              "locations" : {
                                "lineNumbers" : "A=6+1*36",
                                "columnNumbers" : "A=9*37"
                              }
                            },
                            {
                              "predicate" : "deallocationFunctionModel",
                              "file" : "/home/qingxiao/.codeql/packages/codeql/cpp-all/4.0.2/ext/deallocation/Windows.deallocation.model.yml",
                              "index" : 0,
                              "firstRowId" : 660,
                              "rowCount" : 36,
                              "predicateHasOrigin" : false,
                              "locations" : {
                                "lineNumbers" : "A=6+1*35",
                                "columnNumbers" : "A=9*36"
                              }
                            },
                            {
                              "predicate" : "deallocationFunctionModel",
                              "file" : "/home/qingxiao/.codeql/packages/codeql/cpp-all/4.0.2/ext/deallocation/empty.deallocation.model.yml",
                              "index" : 0,
                              "firstRowId" : 696,
                              "rowCount" : 0,
                              "predicateHasOrigin" : false,
                              "locations" : {
                                "lineNumbers" : "A",
                                "columnNumbers" : "A"
                              }
                            },
                            {
                              "predicate" : "sourceModel",
                              "file" : "/home/qingxiao/.codeql/packages/codeql/cpp-all/4.0.2/ext/empty.model.yml",
                              "index" : 0,
                              "firstRowId" : 696,
                              "rowCount" : 0,
                              "predicateHasOrigin" : true,
                              "locations" : {
                                "lineNumbers" : "A",
                                "columnNumbers" : "A"
                              }
                            },
                            {
                              "predicate" : "sinkModel",
                              "file" : "/home/qingxiao/.codeql/packages/codeql/cpp-all/4.0.2/ext/empty.model.yml",
                              "index" : 1,
                              "firstRowId" : 696,
                              "rowCount" : 0,
                              "predicateHasOrigin" : true,
                              "locations" : {
                                "lineNumbers" : "A",
                                "columnNumbers" : "A"
                              }
                            },
                            {
                              "predicate" : "summaryModel",
                              "file" : "/home/qingxiao/.codeql/packages/codeql/cpp-all/4.0.2/ext/empty.model.yml",
                              "index" : 2,
                              "firstRowId" : 696,
                              "rowCount" : 0,
                              "predicateHasOrigin" : true,
                              "locations" : {
                                "lineNumbers" : "A",
                                "columnNumbers" : "A"
                              }
                            },
                            {
                              "predicate" : "summaryModel",
                              "file" : "/home/qingxiao/.codeql/packages/codeql/cpp-all/4.0.2/ext/oleauto.model.yml",
                              "index" : 0,
                              "firstRowId" : 696,
                              "rowCount" : 3,
                              "predicateHasOrigin" : true,
                              "locations" : {
                                "lineNumbers" : "A=6+1*2",
                                "columnNumbers" : "A=9*3"
                              }
                            },
                            {
                              "predicate" : "summaryModel",
                              "file" : "/home/qingxiao/.codeql/packages/codeql/cpp-all/4.0.2/ext/std.array.model.yml",
                              "index" : 0,
                              "firstRowId" : 699,
                              "rowCount" : 9,
                              "predicateHasOrigin" : true,
                              "locations" : {
                                "lineNumbers" : "A=6+1*8",
                                "columnNumbers" : "A=9*9"
                              }
                            },
                            {
                              "predicate" : "summaryModel",
                              "file" : "/home/qingxiao/.codeql/packages/codeql/cpp-all/4.0.2/ext/std.deque.model.yml",
                              "index" : 0,
                              "firstRowId" : 708,
                              "rowCount" : 69,
                              "predicateHasOrigin" : true,
                              "locations" : {
                                "lineNumbers" : "A=6+1*68",
                                "columnNumbers" : "A=9*69"
                              }
                            },
                            {
                              "predicate" : "summaryModel",
                              "file" : "/home/qingxiao/.codeql/packages/codeql/cpp-all/4.0.2/ext/std.format.model.yml",
                              "index" : 0,
                              "firstRowId" : 777,
                              "rowCount" : 9,
                              "predicateHasOrigin" : true,
                              "locations" : {
                                "lineNumbers" : "A=6+1*8",
                                "columnNumbers" : "A=9*9"
                              }
                            },
                            {
                              "predicate" : "summaryModel",
                              "file" : "/home/qingxiao/.codeql/packages/codeql/cpp-all/4.0.2/ext/std.forward_list.model.yml",
                              "index" : 0,
                              "firstRowId" : 786,
                              "rowCount" : 52,
                              "predicateHasOrigin" : true,
                              "locations" : {
                                "lineNumbers" : "A=6+1*51",
                                "columnNumbers" : "A=9*52"
                              }
                            },
                            {
                              "predicate" : "summaryModel",
                              "file" : "/home/qingxiao/.codeql/packages/codeql/cpp-all/4.0.2/ext/std.iterator.model.yml",
                              "index" : 0,
                              "firstRowId" : 838,
                              "rowCount" : 6,
                              "predicateHasOrigin" : true,
                              "locations" : {
                                "lineNumbers" : "A=6+1*5",
                                "columnNumbers" : "A=9*6"
                              }
                            },
                            {
                              "predicate" : "summaryModel",
                              "file" : "/home/qingxiao/.codeql/packages/codeql/cpp-all/4.0.2/ext/std.list.model.yml",
                              "index" : 0,
                              "firstRowId" : 844,
                              "rowCount" : 67,
                              "predicateHasOrigin" : true,
                              "locations" : {
                                "lineNumbers" : "A=6+1*66",
                                "columnNumbers" : "A=9*67"
                              }
                            },
                            {
                              "predicate" : "summaryModel",
                              "file" : "/home/qingxiao/.codeql/packages/codeql/cpp-all/4.0.2/ext/std.vector.model.yml",
                              "index" : 0,
                              "firstRowId" : 911,
                              "rowCount" : 56,
                              "predicateHasOrigin" : true,
                              "locations" : {
                                "lineNumbers" : "A=6+1*55",
                                "columnNumbers" : "A=9*56"
                              }
                            },
                            {
                              "predicate" : "restrictAlertsTo",
                              "file" : "/home/qingxiao/.codeql/packages/codeql/util/2.0.5/ext/default-alert-filter.yml",
                              "index" : 0,
                              "firstRowId" : 967,
                              "rowCount" : 0,
                              "predicateHasOrigin" : false,
                              "locations" : {
                                "lineNumbers" : "A",
                                "columnNumbers" : "A"
                              }
                            },
                            {
                              "predicate" : "restrictAlertsToExactLocation",
                              "file" : "/home/qingxiao/.codeql/packages/codeql/util/2.0.5/ext/default-alert-filter.yml",
                              "index" : 1,
                              "firstRowId" : 967,
                              "rowCount" : 0,
                              "predicateHasOrigin" : false,
                              "locations" : {
                                "lineNumbers" : "A",
                                "columnNumbers" : "A"
                              }
                            }
                          ]
                        },
                        "threatModels" : { },
                        "extensionPacks" : [ ]
                      }
[2025-03-12 11:33:11] Calling plumbing command: codeql resolve library-path --search-path=/home/qingxiao/codeql/qlpacks --qlconfig-file=/home/qingxiao/retranslation/gzip/qlconfig.yml --query=/home/qingxiao/codeql/my-queries/MacroCallMacro.ql --format=json
[2025-03-12 11:33:11] [DETAILS] resolve library-path> Resolving query at normalized path /home/qingxiao/codeql/my-queries/MacroCallMacro.ql.
[2025-03-12 11:33:11] [DETAILS] resolve library-path> Found enclosing pack 'my-queries' at /home/qingxiao/codeql/my-queries.
[2025-03-12 11:33:11] [DETAILS] resolve library-path> Adding compilation cache at /home/qingxiao/.codeql/compile-cache.
[2025-03-12 11:33:11] [DETAILS] resolve library-path> Resolving library dependencies from /home/qingxiao/codeql/my-queries/qlpack.yml.
[2025-03-12 11:33:11] [SPAMMY] resolve library-path> [INCOMPATIBILITY] my-queries: not 0.0.1 {root: my-queries@0.0.1}
[2025-03-12 11:33:11] [SPAMMY] resolve library-path> [DERIVATION] my-queries: 0.0.1 {my-queries: not 0.0.1 {root: my-queries@0.0.1}}
[2025-03-12 11:33:11] [SPAMMY] resolve library-path> [INCOMPATIBILITY] my-queries: * [*], codeql/cpp-all: not * [*] {dependency: my-queries@* [*] requires codeql/cpp-all@4.0.2}
[2025-03-12 11:33:11] [SPAMMY] resolve library-path> [DECISION 1] my-queries: 0.0.1
[2025-03-12 11:33:11] [SPAMMY] resolve library-path> [DERIVATION] codeql/cpp-all: * [*] {my-queries: * [*], codeql/cpp-all: not * [*] {dependency: my-queries@* [*] requires codeql/cpp-all@4.0.2}}
[2025-03-12 11:33:11] [SPAMMY] resolve library-path> [INCOMPATIBILITY] codeql/cpp-all: * [*], codeql/dataflow: not * [*] {dependency: codeql/cpp-all@* [*] requires codeql/dataflow@2.0.2}
[2025-03-12 11:33:11] [SPAMMY] resolve library-path> [INCOMPATIBILITY] codeql/cpp-all: * [*], codeql/mad: not * [*] {dependency: codeql/cpp-all@* [*] requires codeql/mad@1.0.18}
[2025-03-12 11:33:11] [SPAMMY] resolve library-path> [INCOMPATIBILITY] codeql/cpp-all: * [*], codeql/rangeanalysis: not * [*] {dependency: codeql/cpp-all@* [*] requires codeql/rangeanalysis@1.0.18}
[2025-03-12 11:33:11] [SPAMMY] resolve library-path> [INCOMPATIBILITY] codeql/cpp-all: * [*], codeql/ssa: not * [*] {dependency: codeql/cpp-all@* [*] requires codeql/ssa@1.0.18}
[2025-03-12 11:33:11] [SPAMMY] resolve library-path> [INCOMPATIBILITY] codeql/cpp-all: * [*], codeql/tutorial: not * [*] {dependency: codeql/cpp-all@* [*] requires codeql/tutorial@1.0.18}
[2025-03-12 11:33:11] [SPAMMY] resolve library-path> [INCOMPATIBILITY] codeql/cpp-all: * [*], codeql/typeflow: not * [*] {dependency: codeql/cpp-all@* [*] requires codeql/typeflow@1.0.18}
[2025-03-12 11:33:11] [SPAMMY] resolve library-path> [INCOMPATIBILITY] codeql/cpp-all: * [*], codeql/util: not * [*] {dependency: codeql/cpp-all@* [*] requires codeql/util@2.0.5}
[2025-03-12 11:33:11] [SPAMMY] resolve library-path> [INCOMPATIBILITY] codeql/cpp-all: * [*], codeql/xml: not * [*] {dependency: codeql/cpp-all@* [*] requires codeql/xml@1.0.18}
[2025-03-12 11:33:11] [SPAMMY] resolve library-path> [DECISION 2] codeql/cpp-all: 4.0.2
[2025-03-12 11:33:11] [SPAMMY] resolve library-path> [DERIVATION] codeql/xml: * [*] {codeql/cpp-all: * [*], codeql/xml: not * [*] {dependency: codeql/cpp-all@* [*] requires codeql/xml@1.0.18}}
[2025-03-12 11:33:11] [SPAMMY] resolve library-path> [DERIVATION] codeql/util: * [*] {codeql/cpp-all: * [*], codeql/util: not * [*] {dependency: codeql/cpp-all@* [*] requires codeql/util@2.0.5}}
[2025-03-12 11:33:11] [SPAMMY] resolve library-path> [DERIVATION] codeql/typeflow: * [*] {codeql/cpp-all: * [*], codeql/typeflow: not * [*] {dependency: codeql/cpp-all@* [*] requires codeql/typeflow@1.0.18}}
[2025-03-12 11:33:11] [SPAMMY] resolve library-path> [DERIVATION] codeql/tutorial: * [*] {codeql/cpp-all: * [*], codeql/tutorial: not * [*] {dependency: codeql/cpp-all@* [*] requires codeql/tutorial@1.0.18}}
[2025-03-12 11:33:11] [SPAMMY] resolve library-path> [DERIVATION] codeql/ssa: * [*] {codeql/cpp-all: * [*], codeql/ssa: not * [*] {dependency: codeql/cpp-all@* [*] requires codeql/ssa@1.0.18}}
[2025-03-12 11:33:11] [SPAMMY] resolve library-path> [DERIVATION] codeql/rangeanalysis: * [*] {codeql/cpp-all: * [*], codeql/rangeanalysis: not * [*] {dependency: codeql/cpp-all@* [*] requires codeql/rangeanalysis@1.0.18}}
[2025-03-12 11:33:11] [SPAMMY] resolve library-path> [DERIVATION] codeql/mad: * [*] {codeql/cpp-all: * [*], codeql/mad: not * [*] {dependency: codeql/cpp-all@* [*] requires codeql/mad@1.0.18}}
[2025-03-12 11:33:11] [SPAMMY] resolve library-path> [DERIVATION] codeql/dataflow: * [*] {codeql/cpp-all: * [*], codeql/dataflow: not * [*] {dependency: codeql/cpp-all@* [*] requires codeql/dataflow@2.0.2}}
[2025-03-12 11:33:11] [SPAMMY] resolve library-path> [INCOMPATIBILITY] codeql/dataflow: * [*], codeql/ssa: not * [*] {dependency: codeql/dataflow@* [*] requires codeql/ssa@1.0.18}
[2025-03-12 11:33:11] [SPAMMY] resolve library-path> [INCOMPATIBILITY] codeql/dataflow: * [*], codeql/typetracking: not * [*] {dependency: codeql/dataflow@* [*] requires codeql/typetracking@2.0.2}
[2025-03-12 11:33:11] [SPAMMY] resolve library-path> [INCOMPATIBILITY] codeql/dataflow: * [*], codeql/util: not * [*] {dependency: codeql/dataflow@* [*] requires codeql/util@2.0.5}
[2025-03-12 11:33:11] [SPAMMY] resolve library-path> [DECISION 3] codeql/dataflow: 2.0.2
[2025-03-12 11:33:11] [SPAMMY] resolve library-path> [DERIVATION] codeql/typetracking: * [*] {codeql/dataflow: * [*], codeql/typetracking: not * [*] {dependency: codeql/dataflow@* [*] requires codeql/typetracking@2.0.2}}
[2025-03-12 11:33:11] [SPAMMY] resolve library-path> [INCOMPATIBILITY] codeql/mad: * [*], codeql/dataflow: not * [*] {dependency: codeql/mad@* [*] requires codeql/dataflow@2.0.2}
[2025-03-12 11:33:11] [SPAMMY] resolve library-path> [INCOMPATIBILITY] codeql/mad: * [*], codeql/util: not * [*] {dependency: codeql/mad@* [*] requires codeql/util@2.0.5}
[2025-03-12 11:33:11] [SPAMMY] resolve library-path> [DECISION 4] codeql/mad: 1.0.18
[2025-03-12 11:33:11] [SPAMMY] resolve library-path> [INCOMPATIBILITY] codeql/rangeanalysis: * [*], codeql/util: not * [*] {dependency: codeql/rangeanalysis@* [*] requires codeql/util@2.0.5}
[2025-03-12 11:33:11] [SPAMMY] resolve library-path> [DECISION 5] codeql/rangeanalysis: 1.0.18
[2025-03-12 11:33:11] [SPAMMY] resolve library-path> [INCOMPATIBILITY] codeql/ssa: * [*], codeql/util: not * [*] {dependency: codeql/ssa@* [*] requires codeql/util@2.0.5}
[2025-03-12 11:33:11] [SPAMMY] resolve library-path> [DECISION 6] codeql/ssa: 1.0.18
[2025-03-12 11:33:11] [SPAMMY] resolve library-path> [DECISION 7] codeql/tutorial: 1.0.18
[2025-03-12 11:33:11] [SPAMMY] resolve library-path> [INCOMPATIBILITY] codeql/typeflow: * [*], codeql/util: not * [*] {dependency: codeql/typeflow@* [*] requires codeql/util@2.0.5}
[2025-03-12 11:33:11] [SPAMMY] resolve library-path> [DECISION 8] codeql/typeflow: 1.0.18
[2025-03-12 11:33:11] [SPAMMY] resolve library-path> [INCOMPATIBILITY] codeql/typetracking: * [*], codeql/util: not * [*] {dependency: codeql/typetracking@* [*] requires codeql/util@2.0.5}
[2025-03-12 11:33:11] [SPAMMY] resolve library-path> [DECISION 9] codeql/typetracking: 2.0.2
[2025-03-12 11:33:11] [SPAMMY] resolve library-path> [DECISION 10] codeql/util: 2.0.5
[2025-03-12 11:33:11] [SPAMMY] resolve library-path> [INCOMPATIBILITY] codeql/xml: * [*], codeql/util: not * [*] {dependency: codeql/xml@* [*] requires codeql/util@2.0.5}
[2025-03-12 11:33:11] [SPAMMY] resolve library-path> [DECISION 11] codeql/xml: 1.0.18
[2025-03-12 11:33:11] [DETAILS] resolve library-path> QL pack dependencies for /home/qingxiao/codeql/my-queries resolved OK.
[2025-03-12 11:33:11] [DETAILS] resolve library-path> Found dbscheme through QL packs: /home/qingxiao/.codeql/packages/codeql/cpp-all/4.0.2/semmlecode.cpp.dbscheme.
[2025-03-12 11:33:11] Plumbing command codeql resolve library-path completed:
                      {
                        "libraryPath" : [
                          "/home/qingxiao/codeql/my-queries",
                          "/home/qingxiao/.codeql/packages/codeql/cpp-all/4.0.2",
                          "/home/qingxiao/.codeql/packages/codeql/dataflow/2.0.2",
                          "/home/qingxiao/.codeql/packages/codeql/mad/1.0.18",
                          "/home/qingxiao/.codeql/packages/codeql/rangeanalysis/1.0.18",
                          "/home/qingxiao/.codeql/packages/codeql/ssa/1.0.18",
                          "/home/qingxiao/.codeql/packages/codeql/tutorial/1.0.18",
                          "/home/qingxiao/.codeql/packages/codeql/typeflow/1.0.18",
                          "/home/qingxiao/.codeql/packages/codeql/typetracking/2.0.2",
                          "/home/qingxiao/.codeql/packages/codeql/util/2.0.5",
                          "/home/qingxiao/.codeql/packages/codeql/xml/1.0.18"
                        ],
                        "dbscheme" : "/home/qingxiao/.codeql/packages/codeql/cpp-all/4.0.2/semmlecode.cpp.dbscheme",
                        "compilationCache" : [
                          "/home/qingxiao/.codeql/compile-cache"
                        ],
                        "relativeName" : "my-queries/MacroCallMacro.ql",
                        "qlPackName" : "my-queries"
                      }
[2025-03-12 11:33:11] [PROGRESS] execute queries> Compiling query plan for /home/qingxiao/codeql/my-queries/MacroCallMacro.ql.
[2025-03-12 11:33:11] [DETAILS] execute queries> Resolving imports for /home/qingxiao/codeql/my-queries/MacroCallMacro.ql.
[2025-03-12 11:33:12] Resolved file set for /home/qingxiao/codeql/my-queries/MacroCallMacro.ql hashes to 0f173e201dc33db1cec078f8e94cdb66df667c9a.
[2025-03-12 11:33:12] [DETAILS] execute queries> Checking QL for /home/qingxiao/codeql/my-queries/MacroCallMacro.ql.
[2025-03-12 11:33:12] Stale frontend caches are invalidated based on import graph reachability.
[2025-03-12 11:33:12] ExternalModuleBindingPass ...
[2025-03-12 11:33:13] ExternalModuleBindingPass time: 00:00.575
[2025-03-12 11:33:13] CollectInstantiationsPass ...
[2025-03-12 11:33:13] CollectInstantiationsPass time: 00:00.127
[2025-03-12 11:33:13] Ql checks ...
[2025-03-12 11:33:15] Ql checks time: 00:02.152
[2025-03-12 11:33:17] [ERROR] execute queries> ERROR: getDefinition() cannot be resolved for type Macro::MacroInvocation (/home/qingxiao/codeql/my-queries/MacroCallMacro.ql:12,10-23)
[2025-03-12 11:33:17] [ERROR] execute queries> ERROR: getDefinition() cannot be resolved for type Macro::MacroInvocation (/home/qingxiao/codeql/my-queries/MacroCallMacro.ql:13,10-23)
[2025-03-12 11:33:17] Sequence stamp origin is -6073001329421239700
[2025-03-12 11:33:17] Pausing evaluation to close the cache at sequence stamp o+0
[2025-03-12 11:33:17] The disk cache is freshly trimmed; leave it be.
[2025-03-12 11:33:17] Unpausing evaluation
[2025-03-12 11:33:17] This NaiveBuddyAllocator requested 0 eviction rounds.
[2025-03-12 11:33:17] Exiting with code 2
